Using device: cuda
Processing file: u976.0.csv
Loaded pretrained model from models/alpha1_c2_best_model.pth
Episode 100/3000, Total Reward: 474, Avg Reward: 400.78, Avg Loss: 48.01650215625763
Episode 200/3000, Total Reward: 484, Avg Reward: 480.0, Avg Loss: 8.494148442745209
Episode 300/3000, Total Reward: 480, Avg Reward: 483.46, Avg Loss: 7.757797722816467
Episode 400/3000, Total Reward: 486, Avg Reward: 485.92, Avg Loss: 5.691900396347046
Episode 500/3000, Total Reward: 470, Avg Reward: 483.28, Avg Loss: 9.230201892852783
Episode 600/3000, Total Reward: 480, Avg Reward: 483.02, Avg Loss: 7.897315667867661
Episode 700/3000, Total Reward: 488, Avg Reward: 483.08, Avg Loss: 8.564030549526215
Episode 800/3000, Total Reward: 482, Avg Reward: 484.64, Avg Loss: 8.602557814121246
Episode 900/3000, Total Reward: 490, Avg Reward: 484.48, Avg Loss: 7.050857338905335
Episode 1000/3000, Total Reward: 484, Avg Reward: 485.0, Avg Loss: 8.013962802886963
Episode 1100/3000, Total Reward: 490, Avg Reward: 485.8, Avg Loss: 7.786844345331192
Episode 1200/3000, Total Reward: 484, Avg Reward: 486.9, Avg Loss: 5.424828922748565
Episode 1300/3000, Total Reward: 492, Avg Reward: 487.98, Avg Loss: 5.866782290935516
Episode 1400/3000, Total Reward: 490, Avg Reward: 487.22, Avg Loss: 6.8061335784196855
Episode 1500/3000, Total Reward: 492, Avg Reward: 487.94, Avg Loss: 6.365897384881973
Episode 1600/3000, Total Reward: 486, Avg Reward: 487.96, Avg Loss: 7.501861160993576
Episode 1700/3000, Total Reward: 492, Avg Reward: 483.3, Avg Loss: 8.654714175462722
Episode 1800/3000, Total Reward: 496, Avg Reward: 487.76, Avg Loss: 5.565932929515839
Episode 1900/3000, Total Reward: 486, Avg Reward: 488.98, Avg Loss: 5.763983750343323
Episode 2000/3000, Total Reward: 488, Avg Reward: 488.7, Avg Loss: 7.374073807895184
Episode 2100/3000, Total Reward: 490, Avg Reward: 488.34, Avg Loss: 6.136115804314613
Episode 2200/3000, Total Reward: 496, Avg Reward: 490.76, Avg Loss: 5.0692627501487735
Episode 2300/3000, Total Reward: 482, Avg Reward: 489.92, Avg Loss: 5.902849203348159
Episode 2400/3000, Total Reward: 490, Avg Reward: 491.24, Avg Loss: 4.978200215697289
Episode 2500/3000, Total Reward: 488, Avg Reward: 489.34, Avg Loss: 6.642224727869034
Episode 2600/3000, Total Reward: 472, Avg Reward: 489.76, Avg Loss: 6.107013872861862
Episode 2700/3000, Total Reward: 490, Avg Reward: 488.36, Avg Loss: 6.735433946251869
Episode 2800/3000, Total Reward: 494, Avg Reward: 489.24, Avg Loss: 6.081244770884513
Episode 2900/3000, Total Reward: 484, Avg Reward: 488.14, Avg Loss: 7.008929561376572
Episode 3000/3000, Total Reward: 484, Avg Reward: 490.74, Avg Loss: 5.483776061534882
Model saved at models/a2_500s/trained_model_u976.0.csv.pth
Processing file: u864.0.csv
Loaded pretrained model from models/alpha1_c2_best_model.pth
Episode 100/3000, Total Reward: 328, Avg Reward: 287.74, Avg Loss: 100.18089847564697
Episode 200/3000, Total Reward: 406, Avg Reward: 380.32, Avg Loss: 51.89024124145508
Episode 300/3000, Total Reward: 398, Avg Reward: 407.7, Avg Loss: 38.34343776702881
Episode 400/3000, Total Reward: 428, Avg Reward: 409.44, Avg Loss: 39.02778089523316
Episode 500/3000, Total Reward: 404, Avg Reward: 416.06, Avg Loss: 34.547663230896
Episode 600/3000, Total Reward: 442, Avg Reward: 423.72, Avg Loss: 30.89139419555664
Episode 700/3000, Total Reward: 426, Avg Reward: 429.42, Avg Loss: 29.14562582015991
Episode 800/3000, Total Reward: 432, Avg Reward: 431.9, Avg Loss: 28.332182550430296
Episode 900/3000, Total Reward: 442, Avg Reward: 432.32, Avg Loss: 29.044106225967408
Episode 1000/3000, Total Reward: 440, Avg Reward: 433.38, Avg Loss: 29.029375677108764
Episode 1100/3000, Total Reward: 430, Avg Reward: 436.34, Avg Loss: 25.609293384552004
Episode 1200/3000, Total Reward: 436, Avg Reward: 439.76, Avg Loss: 24.73363613128662
Episode 1300/3000, Total Reward: 444, Avg Reward: 441.28, Avg Loss: 23.54147346496582
Episode 1400/3000, Total Reward: 442, Avg Reward: 437.24, Avg Loss: 29.093487424850466
Episode 1500/3000, Total Reward: 434, Avg Reward: 440.1, Avg Loss: 25.728403663635255
Episode 1600/3000, Total Reward: 456, Avg Reward: 443.48, Avg Loss: 23.919397716522216
Episode 1700/3000, Total Reward: 442, Avg Reward: 442.54, Avg Loss: 24.51118003845215
Episode 1800/3000, Total Reward: 446, Avg Reward: 444.04, Avg Loss: 22.923128662109374
Episode 1900/3000, Total Reward: 456, Avg Reward: 445.62, Avg Loss: 24.22251084327698
Episode 2000/3000, Total Reward: 446, Avg Reward: 444.96, Avg Loss: 23.397752380371095
Episode 2100/3000, Total Reward: 460, Avg Reward: 444.72, Avg Loss: 25.310487756729128
Episode 2200/3000, Total Reward: 452, Avg Reward: 442.48, Avg Loss: 27.30876741409302
Episode 2300/3000, Total Reward: 436, Avg Reward: 447.76, Avg Loss: 22.15476095199585
Episode 2400/3000, Total Reward: 448, Avg Reward: 449.42, Avg Loss: 20.531839504241944
Episode 2500/3000, Total Reward: 448, Avg Reward: 450.56, Avg Loss: 20.55525647163391
Episode 2600/3000, Total Reward: 444, Avg Reward: 451.62, Avg Loss: 20.87172610282898
Episode 2700/3000, Total Reward: 440, Avg Reward: 452.68, Avg Loss: 19.218263659477234
Episode 2800/3000, Total Reward: 458, Avg Reward: 449.6, Avg Loss: 21.72545783996582
Episode 2900/3000, Total Reward: 452, Avg Reward: 452.04, Avg Loss: 19.90399754524231
Episode 3000/3000, Total Reward: 468, Avg Reward: 450.88, Avg Loss: 21.317354946136476
Model saved at models/a2_500s/trained_model_u864.0.csv.pth
Processing file: u742.0.csv
Loaded pretrained model from models/alpha1_c2_best_model.pth
Episode 100/3000, Total Reward: 440, Avg Reward: 348.78, Avg Loss: 62.35039349555969
Episode 200/3000, Total Reward: 452, Avg Reward: 445.58, Avg Loss: 21.549979200363158
Episode 300/3000, Total Reward: 448, Avg Reward: 457.52, Avg Loss: 21.76958915710449
Episode 400/3000, Total Reward: 452, Avg Reward: 457.02, Avg Loss: 22.86353714942932
Episode 500/3000, Total Reward: 474, Avg Reward: 462.12, Avg Loss: 19.115835514068603
Episode 600/3000, Total Reward: 478, Avg Reward: 467.28, Avg Loss: 16.255173625946046
Episode 700/3000, Total Reward: 466, Avg Reward: 472.86, Avg Loss: 16.7235152053833
Episode 800/3000, Total Reward: 470, Avg Reward: 470.4, Avg Loss: 17.1722750043869
Episode 900/3000, Total Reward: 470, Avg Reward: 470.56, Avg Loss: 17.562136325836182
Episode 1000/3000, Total Reward: 480, Avg Reward: 473.18, Avg Loss: 16.153766322135926
Episode 1100/3000, Total Reward: 488, Avg Reward: 474.14, Avg Loss: 15.947672109603882
Episode 1200/3000, Total Reward: 474, Avg Reward: 473.36, Avg Loss: 16.038482670783996
Episode 1300/3000, Total Reward: 478, Avg Reward: 471.76, Avg Loss: 17.073577375411986
Episode 1400/3000, Total Reward: 462, Avg Reward: 471.94, Avg Loss: 17.004772057533263
Episode 1500/3000, Total Reward: 476, Avg Reward: 470.76, Avg Loss: 19.115548996925355
Episode 1600/3000, Total Reward: 482, Avg Reward: 475.14, Avg Loss: 15.314627389907837
Episode 1700/3000, Total Reward: 478, Avg Reward: 476.68, Avg Loss: 12.511785740852355
Episode 1800/3000, Total Reward: 482, Avg Reward: 471.82, Avg Loss: 17.909097456932066
Episode 1900/3000, Total Reward: 484, Avg Reward: 474.98, Avg Loss: 14.254209308624267
Episode 2000/3000, Total Reward: 474, Avg Reward: 475.34, Avg Loss: 15.329340462684632
Episode 2100/3000, Total Reward: 486, Avg Reward: 477.08, Avg Loss: 12.837920079231262
Episode 2200/3000, Total Reward: 480, Avg Reward: 477.9, Avg Loss: 12.601769156455994
Episode 2300/3000, Total Reward: 480, Avg Reward: 473.26, Avg Loss: 18.390341897010803
Episode 2400/3000, Total Reward: 476, Avg Reward: 476.24, Avg Loss: 14.110555682182312
Episode 2500/3000, Total Reward: 472, Avg Reward: 477.72, Avg Loss: 13.546897087097168
Episode 2600/3000, Total Reward: 472, Avg Reward: 478.38, Avg Loss: 13.567540416717529
Episode 2700/3000, Total Reward: 472, Avg Reward: 478.34, Avg Loss: 13.451541910171509
Episode 2800/3000, Total Reward: 476, Avg Reward: 477.58, Avg Loss: 14.610062456130981
Episode 2900/3000, Total Reward: 472, Avg Reward: 477.72, Avg Loss: 13.777559413909913
Episode 3000/3000, Total Reward: 484, Avg Reward: 478.6, Avg Loss: 13.496140928268433
Model saved at models/a2_500s/trained_model_u742.0.csv.pth
Processing file: u572.0.csv
Loaded pretrained model from models/alpha1_c2_best_model.pth
Episode 100/3000, Total Reward: 392, Avg Reward: 329.26, Avg Loss: 72.54694177627563
Episode 200/3000, Total Reward: 432, Avg Reward: 413.6, Avg Loss: 33.52591962814331
Episode 300/3000, Total Reward: 462, Avg Reward: 447.86, Avg Loss: 21.696209106445313
Episode 400/3000, Total Reward: 464, Avg Reward: 466.66, Avg Loss: 15.05844187259674
Episode 500/3000, Total Reward: 466, Avg Reward: 470.0, Avg Loss: 14.64311113357544
Episode 600/3000, Total Reward: 472, Avg Reward: 470.22, Avg Loss: 13.232218132019042
Episode 700/3000, Total Reward: 464, Avg Reward: 470.74, Avg Loss: 14.797803134918214
Episode 800/3000, Total Reward: 476, Avg Reward: 471.0, Avg Loss: 14.29419017314911
Episode 900/3000, Total Reward: 468, Avg Reward: 470.04, Avg Loss: 14.99255509853363
Episode 1000/3000, Total Reward: 478, Avg Reward: 473.26, Avg Loss: 15.127494192123413
Episode 1100/3000, Total Reward: 478, Avg Reward: 475.32, Avg Loss: 11.153425498008728
Episode 1200/3000, Total Reward: 484, Avg Reward: 474.68, Avg Loss: 13.981722135543823
Episode 1300/3000, Total Reward: 464, Avg Reward: 472.0, Avg Loss: 14.106062169075011
Episode 1400/3000, Total Reward: 478, Avg Reward: 475.72, Avg Loss: 11.50951397895813
Episode 1500/3000, Total Reward: 470, Avg Reward: 473.8, Avg Loss: 14.099719018936158
Episode 1600/3000, Total Reward: 470, Avg Reward: 474.16, Avg Loss: 12.734952397346497
Episode 1700/3000, Total Reward: 474, Avg Reward: 472.24, Avg Loss: 16.483134727478028
Episode 1800/3000, Total Reward: 468, Avg Reward: 475.78, Avg Loss: 11.646591091156006
Episode 1900/3000, Total Reward: 480, Avg Reward: 476.28, Avg Loss: 11.94904527425766
Episode 2000/3000, Total Reward: 482, Avg Reward: 475.82, Avg Loss: 13.758446507453918
Episode 2100/3000, Total Reward: 484, Avg Reward: 476.12, Avg Loss: 12.724273519515991
Episode 2200/3000, Total Reward: 480, Avg Reward: 478.32, Avg Loss: 11.11964617729187
Episode 2300/3000, Total Reward: 480, Avg Reward: 478.62, Avg Loss: 10.055123095512391
Episode 2400/3000, Total Reward: 482, Avg Reward: 479.04, Avg Loss: 10.529340715408326
Episode 2500/3000, Total Reward: 484, Avg Reward: 478.7, Avg Loss: 10.86062201499939
Episode 2600/3000, Total Reward: 480, Avg Reward: 479.34, Avg Loss: 10.140952570438385
Episode 2700/3000, Total Reward: 474, Avg Reward: 476.64, Avg Loss: 12.518074717521667
Episode 2800/3000, Total Reward: 480, Avg Reward: 479.04, Avg Loss: 11.069364275932312
Episode 2900/3000, Total Reward: 472, Avg Reward: 479.52, Avg Loss: 9.623043558597566
Episode 3000/3000, Total Reward: 482, Avg Reward: 479.76, Avg Loss: 10.424455943107604
Model saved at models/a2_500s/trained_model_u572.0.csv.pth
Processing file: u621.0.csv
Loaded pretrained model from models/alpha1_c2_best_model.pth
Episode 100/3000, Total Reward: 348, Avg Reward: 298.66, Avg Loss: 92.10027549743653
Episode 200/3000, Total Reward: 390, Avg Reward: 382.62, Avg Loss: 49.28159471511841
Episode 300/3000, Total Reward: 400, Avg Reward: 403.88, Avg Loss: 42.039843578338626
Episode 400/3000, Total Reward: 412, Avg Reward: 416.68, Avg Loss: 33.55699922561646
Episode 500/3000, Total Reward: 420, Avg Reward: 423.46, Avg Loss: 32.236631298065184
Episode 600/3000, Total Reward: 402, Avg Reward: 426.96, Avg Loss: 31.13008176803589
Episode 700/3000, Total Reward: 418, Avg Reward: 426.44, Avg Loss: 31.821709690093993
Episode 800/3000, Total Reward: 434, Avg Reward: 433.36, Avg Loss: 28.395131015777586
Episode 900/3000, Total Reward: 438, Avg Reward: 440.08, Avg Loss: 25.46096230506897
Episode 1000/3000, Total Reward: 452, Avg Reward: 440.0, Avg Loss: 22.540182523727417
Episode 1100/3000, Total Reward: 440, Avg Reward: 437.34, Avg Loss: 28.39093952178955
Episode 1200/3000, Total Reward: 426, Avg Reward: 440.96, Avg Loss: 26.438412065505982
Episode 1300/3000, Total Reward: 456, Avg Reward: 443.6, Avg Loss: 23.739050788879396
Episode 1400/3000, Total Reward: 464, Avg Reward: 444.8, Avg Loss: 22.796007480621338
Episode 1500/3000, Total Reward: 450, Avg Reward: 446.2, Avg Loss: 21.93014147758484
Episode 1600/3000, Total Reward: 458, Avg Reward: 450.66, Avg Loss: 20.531631860733032
Episode 1700/3000, Total Reward: 444, Avg Reward: 448.34, Avg Loss: 21.36040228843689
Episode 1800/3000, Total Reward: 452, Avg Reward: 450.04, Avg Loss: 21.103209981918337
Episode 1900/3000, Total Reward: 452, Avg Reward: 450.76, Avg Loss: 21.955124683380127
Episode 2000/3000, Total Reward: 472, Avg Reward: 453.56, Avg Loss: 20.801203479766844
Episode 2100/3000, Total Reward: 460, Avg Reward: 454.24, Avg Loss: 18.953005027770995
Episode 2200/3000, Total Reward: 458, Avg Reward: 453.2, Avg Loss: 20.0684215927124
Episode 2300/3000, Total Reward: 454, Avg Reward: 451.96, Avg Loss: 20.981631593704222
Episode 2400/3000, Total Reward: 460, Avg Reward: 451.9, Avg Loss: 20.51950845718384
Episode 2500/3000, Total Reward: 464, Avg Reward: 453.92, Avg Loss: 19.560402994155883
Episode 2600/3000, Total Reward: 464, Avg Reward: 456.9, Avg Loss: 18.537280073165892
Episode 2700/3000, Total Reward: 446, Avg Reward: 455.66, Avg Loss: 19.458516149520875
Episode 2800/3000, Total Reward: 452, Avg Reward: 455.98, Avg Loss: 17.89776521682739
Episode 2900/3000, Total Reward: 454, Avg Reward: 455.16, Avg Loss: 19.17427399635315
Episode 3000/3000, Total Reward: 470, Avg Reward: 458.8, Avg Loss: 17.516293773651125
Model saved at models/a2_500s/trained_model_u621.0.csv.pth
Processing file: u374.0.csv
Loaded pretrained model from models/alpha1_c2_best_model.pth
Episode 100/3000, Total Reward: 402, Avg Reward: 349.74, Avg Loss: 61.125061950683595
Episode 200/3000, Total Reward: 468, Avg Reward: 431.82, Avg Loss: 27.666776752471925
Episode 300/3000, Total Reward: 458, Avg Reward: 461.1, Avg Loss: 17.782266826629638
Episode 400/3000, Total Reward: 464, Avg Reward: 462.24, Avg Loss: 18.151094217300415
Episode 500/3000, Total Reward: 480, Avg Reward: 467.56, Avg Loss: 14.19857873916626
Episode 600/3000, Total Reward: 474, Avg Reward: 467.96, Avg Loss: 15.496534080505372
Episode 700/3000, Total Reward: 464, Avg Reward: 470.42, Avg Loss: 14.260162816047668
Episode 800/3000, Total Reward: 484, Avg Reward: 472.24, Avg Loss: 15.059823031425475
Episode 900/3000, Total Reward: 470, Avg Reward: 471.72, Avg Loss: 14.514327521324157
Episode 1000/3000, Total Reward: 474, Avg Reward: 471.8, Avg Loss: 14.41687241077423
Episode 1100/3000, Total Reward: 466, Avg Reward: 471.72, Avg Loss: 14.333065495491027
Episode 1200/3000, Total Reward: 470, Avg Reward: 471.76, Avg Loss: 16.081270093917848
Episode 1300/3000, Total Reward: 476, Avg Reward: 472.62, Avg Loss: 14.202063903808593
Episode 1400/3000, Total Reward: 474, Avg Reward: 472.9, Avg Loss: 14.347022609710693
Episode 1500/3000, Total Reward: 480, Avg Reward: 474.04, Avg Loss: 13.92022765636444
Episode 1600/3000, Total Reward: 464, Avg Reward: 473.88, Avg Loss: 15.156581020355224
Episode 1700/3000, Total Reward: 482, Avg Reward: 472.62, Avg Loss: 15.270448722839355
Episode 1800/3000, Total Reward: 480, Avg Reward: 475.96, Avg Loss: 11.096879301071167
Episode 1900/3000, Total Reward: 470, Avg Reward: 477.44, Avg Loss: 10.538048996925355
Episode 2000/3000, Total Reward: 472, Avg Reward: 476.58, Avg Loss: 11.825643277168274
Episode 2100/3000, Total Reward: 480, Avg Reward: 478.12, Avg Loss: 10.268731994628906
Episode 2200/3000, Total Reward: 488, Avg Reward: 476.38, Avg Loss: 12.351409211158753
Episode 2300/3000, Total Reward: 468, Avg Reward: 477.34, Avg Loss: 12.600118627548218
Episode 2400/3000, Total Reward: 474, Avg Reward: 478.66, Avg Loss: 10.283010559082031
Episode 2500/3000, Total Reward: 476, Avg Reward: 478.32, Avg Loss: 11.585247435569762
Episode 2600/3000, Total Reward: 478, Avg Reward: 477.54, Avg Loss: 11.189920930862426
Episode 2700/3000, Total Reward: 478, Avg Reward: 476.88, Avg Loss: 12.77405149936676
Episode 2800/3000, Total Reward: 478, Avg Reward: 478.54, Avg Loss: 10.604046816825866
Episode 2900/3000, Total Reward: 484, Avg Reward: 478.76, Avg Loss: 11.565336456298828
Episode 3000/3000, Total Reward: 478, Avg Reward: 477.92, Avg Loss: 12.017088527679443
Model saved at models/a2_500s/trained_model_u374.0.csv.pth
Processing file: u978.0.csv
Loaded pretrained model from models/alpha1_c2_best_model.pth
Episode 100/3000, Total Reward: 422, Avg Reward: 376.5, Avg Loss: 45.77159743309021
Episode 200/3000, Total Reward: 456, Avg Reward: 449.96, Avg Loss: 20.561590127944946
Episode 300/3000, Total Reward: 462, Avg Reward: 457.6, Avg Loss: 20.565471568107604
Episode 400/3000, Total Reward: 454, Avg Reward: 460.2, Avg Loss: 18.68920244216919
Episode 500/3000, Total Reward: 466, Avg Reward: 465.72, Avg Loss: 16.49771186828613
Episode 600/3000, Total Reward: 468, Avg Reward: 462.96, Avg Loss: 19.54469871520996
Episode 700/3000, Total Reward: 466, Avg Reward: 466.44, Avg Loss: 17.258468341827392
Episode 800/3000, Total Reward: 454, Avg Reward: 468.92, Avg Loss: 16.158980107307436
Episode 900/3000, Total Reward: 468, Avg Reward: 472.04, Avg Loss: 15.518599200248719
Episode 1000/3000, Total Reward: 462, Avg Reward: 472.4, Avg Loss: 16.15782398223877
Episode 1100/3000, Total Reward: 470, Avg Reward: 474.76, Avg Loss: 15.74402693271637
Episode 1200/3000, Total Reward: 482, Avg Reward: 475.5, Avg Loss: 13.76709707736969
Episode 1300/3000, Total Reward: 486, Avg Reward: 476.2, Avg Loss: 13.61122398853302
Episode 1400/3000, Total Reward: 482, Avg Reward: 475.46, Avg Loss: 14.530262393951416
Episode 1500/3000, Total Reward: 470, Avg Reward: 477.24, Avg Loss: 12.137932553291321
Episode 1600/3000, Total Reward: 486, Avg Reward: 478.24, Avg Loss: 13.219949939250945
Episode 1700/3000, Total Reward: 474, Avg Reward: 477.48, Avg Loss: 14.251308331489563
Episode 1800/3000, Total Reward: 470, Avg Reward: 477.2, Avg Loss: 14.120920825004578
Episode 1900/3000, Total Reward: 484, Avg Reward: 478.14, Avg Loss: 13.728393380641938
Episode 2000/3000, Total Reward: 486, Avg Reward: 478.84, Avg Loss: 12.420231943130494
Episode 2100/3000, Total Reward: 476, Avg Reward: 478.14, Avg Loss: 13.058603863716126
Episode 2200/3000, Total Reward: 478, Avg Reward: 477.84, Avg Loss: 13.27356750011444
Episode 2300/3000, Total Reward: 480, Avg Reward: 479.06, Avg Loss: 11.725011868476868
Episode 2400/3000, Total Reward: 484, Avg Reward: 477.84, Avg Loss: 12.949911131858826
Episode 2500/3000, Total Reward: 478, Avg Reward: 481.38, Avg Loss: 12.114178686141967
Episode 2600/3000, Total Reward: 466, Avg Reward: 479.28, Avg Loss: 13.936170077323913
Episode 2700/3000, Total Reward: 484, Avg Reward: 479.98, Avg Loss: 11.427121977806092
Episode 2800/3000, Total Reward: 474, Avg Reward: 480.02, Avg Loss: 11.142455983161927
Episode 2900/3000, Total Reward: 484, Avg Reward: 482.38, Avg Loss: 8.860418813228607
Episode 3000/3000, Total Reward: 478, Avg Reward: 480.32, Avg Loss: 12.430867571830749
Model saved at models/a2_500s/trained_model_u978.0.csv.pth
Processing file: u661.0.csv
Loaded pretrained model from models/alpha1_c2_best_model.pth
Episode 100/3000, Total Reward: 436, Avg Reward: 342.72, Avg Loss: 67.99936075210572
Episode 200/3000, Total Reward: 446, Avg Reward: 442.42, Avg Loss: 22.355552101135252
Episode 300/3000, Total Reward: 466, Avg Reward: 458.42, Avg Loss: 16.32747354030609
Episode 400/3000, Total Reward: 466, Avg Reward: 464.08, Avg Loss: 16.76116035461426
Episode 500/3000, Total Reward: 476, Avg Reward: 468.46, Avg Loss: 13.683093638420106
Episode 600/3000, Total Reward: 448, Avg Reward: 468.3, Avg Loss: 15.868414940834045
Episode 700/3000, Total Reward: 476, Avg Reward: 473.16, Avg Loss: 11.438599848747254
Episode 800/3000, Total Reward: 474, Avg Reward: 473.42, Avg Loss: 12.45804915189743
Episode 900/3000, Total Reward: 486, Avg Reward: 473.3, Avg Loss: 12.518919787406922
Episode 1000/3000, Total Reward: 472, Avg Reward: 474.84, Avg Loss: 11.962210083007813
Episode 1100/3000, Total Reward: 470, Avg Reward: 476.92, Avg Loss: 12.033006858825683
Episode 1200/3000, Total Reward: 482, Avg Reward: 477.26, Avg Loss: 11.678023326396943
Episode 1300/3000, Total Reward: 480, Avg Reward: 475.02, Avg Loss: 12.579755489826203
Episode 1400/3000, Total Reward: 466, Avg Reward: 476.06, Avg Loss: 13.408982396125793
Episode 1500/3000, Total Reward: 470, Avg Reward: 476.12, Avg Loss: 12.240922636985779
Episode 1600/3000, Total Reward: 472, Avg Reward: 477.84, Avg Loss: 10.883611779212952
Episode 1700/3000, Total Reward: 476, Avg Reward: 475.16, Avg Loss: 14.681662321090698
Episode 1800/3000, Total Reward: 488, Avg Reward: 477.46, Avg Loss: 12.495865612030029
Episode 1900/3000, Total Reward: 484, Avg Reward: 478.38, Avg Loss: 9.466247370243073
Episode 2000/3000, Total Reward: 478, Avg Reward: 477.0, Avg Loss: 13.127403402328492
Episode 2100/3000, Total Reward: 482, Avg Reward: 477.68, Avg Loss: 11.617657027244569
Episode 2200/3000, Total Reward: 480, Avg Reward: 477.58, Avg Loss: 12.298754034042359
Episode 2300/3000, Total Reward: 468, Avg Reward: 474.84, Avg Loss: 12.481901030540467
Episode 2400/3000, Total Reward: 474, Avg Reward: 476.2, Avg Loss: 12.397364192008972
Episode 2500/3000, Total Reward: 474, Avg Reward: 475.4, Avg Loss: 13.346447501182556
Episode 2600/3000, Total Reward: 474, Avg Reward: 478.54, Avg Loss: 8.559844574928285
Episode 2700/3000, Total Reward: 466, Avg Reward: 479.36, Avg Loss: 9.7825377035141
Episode 2800/3000, Total Reward: 480, Avg Reward: 477.72, Avg Loss: 12.899643688201904
Episode 2900/3000, Total Reward: 474, Avg Reward: 477.44, Avg Loss: 11.501339101791382
Episode 3000/3000, Total Reward: 478, Avg Reward: 480.34, Avg Loss: 9.119577798843384
Model saved at models/a2_500s/trained_model_u661.0.csv.pth
Processing file: u847.0.csv
Loaded pretrained model from models/alpha1_c2_best_model.pth
Episode 100/3000, Total Reward: 396, Avg Reward: 340.9, Avg Loss: 64.47930292129517
Episode 200/3000, Total Reward: 454, Avg Reward: 443.36, Avg Loss: 25.790860052108766
Episode 300/3000, Total Reward: 460, Avg Reward: 462.88, Avg Loss: 14.53056185722351
Episode 400/3000, Total Reward: 462, Avg Reward: 469.16, Avg Loss: 11.903268642425537
Episode 500/3000, Total Reward: 478, Avg Reward: 470.7, Avg Loss: 14.63435640335083
Episode 600/3000, Total Reward: 476, Avg Reward: 470.12, Avg Loss: 14.93918363571167
Episode 700/3000, Total Reward: 474, Avg Reward: 472.66, Avg Loss: 12.868152914047242
Episode 800/3000, Total Reward: 476, Avg Reward: 473.68, Avg Loss: 11.58197904586792
Episode 900/3000, Total Reward: 470, Avg Reward: 473.02, Avg Loss: 14.610043792724609
Episode 1000/3000, Total Reward: 472, Avg Reward: 474.06, Avg Loss: 13.557009158134461
Episode 1100/3000, Total Reward: 482, Avg Reward: 474.66, Avg Loss: 11.587690424919128
Episode 1200/3000, Total Reward: 484, Avg Reward: 473.7, Avg Loss: 13.291733193397523
Episode 1300/3000, Total Reward: 466, Avg Reward: 472.9, Avg Loss: 16.247420258522034
Episode 1400/3000, Total Reward: 482, Avg Reward: 475.68, Avg Loss: 12.648054933547973
Episode 1500/3000, Total Reward: 488, Avg Reward: 476.94, Avg Loss: 10.273386363983155
Episode 1600/3000, Total Reward: 482, Avg Reward: 470.9, Avg Loss: 15.62268238067627
Episode 1700/3000, Total Reward: 478, Avg Reward: 473.78, Avg Loss: 15.103399419784546
Episode 1800/3000, Total Reward: 476, Avg Reward: 478.48, Avg Loss: 10.141800260543823
Episode 1900/3000, Total Reward: 474, Avg Reward: 477.32, Avg Loss: 10.733240828514099
Episode 2000/3000, Total Reward: 474, Avg Reward: 478.18, Avg Loss: 10.922405352592468
Episode 2100/3000, Total Reward: 482, Avg Reward: 478.54, Avg Loss: 11.401373438835144
Episode 2200/3000, Total Reward: 492, Avg Reward: 475.26, Avg Loss: 13.52880931377411
Episode 2300/3000, Total Reward: 470, Avg Reward: 477.84, Avg Loss: 11.49825828552246
Episode 2400/3000, Total Reward: 480, Avg Reward: 479.58, Avg Loss: 10.927226481437684
Episode 2500/3000, Total Reward: 478, Avg Reward: 476.54, Avg Loss: 12.650967960357667
Episode 2600/3000, Total Reward: 472, Avg Reward: 476.88, Avg Loss: 13.737708659172059
Episode 2700/3000, Total Reward: 478, Avg Reward: 478.7, Avg Loss: 11.585022978782654
Episode 2800/3000, Total Reward: 480, Avg Reward: 477.34, Avg Loss: 12.026379799842834
Episode 2900/3000, Total Reward: 476, Avg Reward: 478.68, Avg Loss: 11.261587588787078
Episode 3000/3000, Total Reward: 482, Avg Reward: 478.42, Avg Loss: 10.273526899814605
Model saved at models/a2_500s/trained_model_u847.0.csv.pth
Processing file: u907.0.csv
Loaded pretrained model from models/alpha1_c2_best_model.pth
Episode 100/3000, Total Reward: 436, Avg Reward: 367.9, Avg Loss: 53.525915422439574
Episode 200/3000, Total Reward: 448, Avg Reward: 452.5, Avg Loss: 20.858832969665528
Episode 300/3000, Total Reward: 452, Avg Reward: 461.48, Avg Loss: 18.464859685897828
Episode 400/3000, Total Reward: 474, Avg Reward: 464.5, Avg Loss: 19.99709921836853
Episode 500/3000, Total Reward: 466, Avg Reward: 467.24, Avg Loss: 17.756337628364562
Episode 600/3000, Total Reward: 460, Avg Reward: 472.36, Avg Loss: 15.115161728858947
Episode 700/3000, Total Reward: 464, Avg Reward: 470.1, Avg Loss: 16.59966010570526
Episode 800/3000, Total Reward: 474, Avg Reward: 467.4, Avg Loss: 19.544043684005736
Episode 900/3000, Total Reward: 456, Avg Reward: 470.16, Avg Loss: 17.473202624320983
Episode 1000/3000, Total Reward: 474, Avg Reward: 469.32, Avg Loss: 19.307086782455443
Episode 1100/3000, Total Reward: 478, Avg Reward: 471.32, Avg Loss: 17.56326097011566
Episode 1200/3000, Total Reward: 474, Avg Reward: 474.74, Avg Loss: 15.164143896102905
Episode 1300/3000, Total Reward: 476, Avg Reward: 474.9, Avg Loss: 14.908427467346192
Episode 1400/3000, Total Reward: 470, Avg Reward: 475.6, Avg Loss: 14.022875151634217
Episode 1500/3000, Total Reward: 478, Avg Reward: 472.62, Avg Loss: 18.186314196586608
Episode 1600/3000, Total Reward: 474, Avg Reward: 475.68, Avg Loss: 14.949090371131897
Episode 1700/3000, Total Reward: 484, Avg Reward: 475.96, Avg Loss: 14.855570240020752
Episode 1800/3000, Total Reward: 474, Avg Reward: 472.72, Avg Loss: 17.413074054718017
Episode 1900/3000, Total Reward: 468, Avg Reward: 474.7, Avg Loss: 15.822485399246215
Episode 2000/3000, Total Reward: 478, Avg Reward: 475.38, Avg Loss: 15.765285506248475
Episode 2100/3000, Total Reward: 476, Avg Reward: 476.98, Avg Loss: 14.363108973503113
Episode 2200/3000, Total Reward: 478, Avg Reward: 477.74, Avg Loss: 13.419693279266358
Episode 2300/3000, Total Reward: 470, Avg Reward: 477.68, Avg Loss: 12.831812214851379
Episode 2400/3000, Total Reward: 476, Avg Reward: 476.56, Avg Loss: 15.366893496513367
Episode 2500/3000, Total Reward: 472, Avg Reward: 476.68, Avg Loss: 14.499632849693299
Episode 2600/3000, Total Reward: 478, Avg Reward: 479.28, Avg Loss: 12.69339186668396
Episode 2700/3000, Total Reward: 470, Avg Reward: 478.2, Avg Loss: 13.852633366584778
Episode 2800/3000, Total Reward: 476, Avg Reward: 476.94, Avg Loss: 13.369020814895629
Episode 2900/3000, Total Reward: 472, Avg Reward: 476.04, Avg Loss: 15.098532094955445
Episode 3000/3000, Total Reward: 476, Avg Reward: 479.48, Avg Loss: 11.963465485572815
Model saved at models/a2_500s/trained_model_u907.0.csv.pth
Processing file: u639.0.csv
Loaded pretrained model from models/alpha1_c2_best_model.pth
Episode 100/3000, Total Reward: 484, Avg Reward: 412.98, Avg Loss: 41.450515756607054
Episode 200/3000, Total Reward: 476, Avg Reward: 481.76, Avg Loss: 7.074338634014129
Episode 300/3000, Total Reward: 488, Avg Reward: 481.3, Avg Loss: 7.1598113870620725
Episode 400/3000, Total Reward: 488, Avg Reward: 483.2, Avg Loss: 6.787205814123154
Episode 500/3000, Total Reward: 484, Avg Reward: 482.36, Avg Loss: 8.591607511043549
Episode 600/3000, Total Reward: 492, Avg Reward: 484.16, Avg Loss: 7.07224981546402
Episode 700/3000, Total Reward: 494, Avg Reward: 486.92, Avg Loss: 6.541881892681122
Episode 800/3000, Total Reward: 478, Avg Reward: 485.0, Avg Loss: 8.75743972659111
Episode 900/3000, Total Reward: 474, Avg Reward: 487.7, Avg Loss: 6.181759793162346
Episode 1000/3000, Total Reward: 488, Avg Reward: 487.5, Avg Loss: 6.347572283744812
Episode 1100/3000, Total Reward: 484, Avg Reward: 488.6, Avg Loss: 5.619491693973541
Episode 1200/3000, Total Reward: 490, Avg Reward: 488.34, Avg Loss: 5.166685621738434
Episode 1300/3000, Total Reward: 474, Avg Reward: 488.96, Avg Loss: 5.397711297273636
Episode 1400/3000, Total Reward: 482, Avg Reward: 485.46, Avg Loss: 9.7510447204113
Episode 1500/3000, Total Reward: 492, Avg Reward: 487.82, Avg Loss: 6.672521094083786
Episode 1600/3000, Total Reward: 482, Avg Reward: 486.18, Avg Loss: 7.298494902849197
Episode 1700/3000, Total Reward: 488, Avg Reward: 487.18, Avg Loss: 6.767628245949745
Episode 1800/3000, Total Reward: 488, Avg Reward: 487.74, Avg Loss: 5.77954792380333
Episode 1900/3000, Total Reward: 486, Avg Reward: 488.56, Avg Loss: 4.8499537450075145
Episode 2000/3000, Total Reward: 490, Avg Reward: 489.1, Avg Loss: 5.8697528165578845
Episode 2100/3000, Total Reward: 484, Avg Reward: 489.12, Avg Loss: 5.57924975335598
Episode 2200/3000, Total Reward: 486, Avg Reward: 487.42, Avg Loss: 7.334897173643112
Episode 2300/3000, Total Reward: 484, Avg Reward: 488.22, Avg Loss: 5.748641306161881
Episode 2400/3000, Total Reward: 482, Avg Reward: 487.86, Avg Loss: 6.739298193156719
Episode 2500/3000, Total Reward: 488, Avg Reward: 488.14, Avg Loss: 7.901036723256111
Episode 2600/3000, Total Reward: 494, Avg Reward: 487.88, Avg Loss: 6.6716344976425175
Episode 2700/3000, Total Reward: 494, Avg Reward: 490.7, Avg Loss: 5.044680533409118
Episode 2800/3000, Total Reward: 490, Avg Reward: 488.66, Avg Loss: 6.140589792430401
Episode 2900/3000, Total Reward: 490, Avg Reward: 486.96, Avg Loss: 8.395879225730896
Episode 3000/3000, Total Reward: 490, Avg Reward: 489.74, Avg Loss: 5.528767184019089
Model saved at models/a2_500s/trained_model_u639.0.csv.pth
Processing file: u587.0.csv
Loaded pretrained model from models/alpha1_c2_best_model.pth
Episode 100/3000, Total Reward: 436, Avg Reward: 364.52, Avg Loss: 55.80743037223816
Episode 200/3000, Total Reward: 466, Avg Reward: 448.1, Avg Loss: 19.532884635925292
Episode 300/3000, Total Reward: 458, Avg Reward: 461.28, Avg Loss: 19.304367198944092
Episode 400/3000, Total Reward: 466, Avg Reward: 465.78, Avg Loss: 18.56172131061554
Episode 500/3000, Total Reward: 472, Avg Reward: 464.2, Avg Loss: 20.865138440132142
Episode 600/3000, Total Reward: 454, Avg Reward: 466.2, Avg Loss: 17.21984079837799
Episode 700/3000, Total Reward: 480, Avg Reward: 466.76, Avg Loss: 19.897319860458374
Episode 800/3000, Total Reward: 486, Avg Reward: 471.84, Avg Loss: 18.05028709411621
Episode 900/3000, Total Reward: 476, Avg Reward: 471.8, Avg Loss: 17.891013379096986
Episode 1000/3000, Total Reward: 466, Avg Reward: 469.84, Avg Loss: 17.999364652633666
Episode 1100/3000, Total Reward: 472, Avg Reward: 471.16, Avg Loss: 15.660034704208375
Episode 1200/3000, Total Reward: 468, Avg Reward: 471.8, Avg Loss: 16.215662684440613
Episode 1300/3000, Total Reward: 478, Avg Reward: 474.18, Avg Loss: 16.19669101238251
Episode 1400/3000, Total Reward: 468, Avg Reward: 473.34, Avg Loss: 16.827478818893432
Episode 1500/3000, Total Reward: 476, Avg Reward: 474.72, Avg Loss: 14.58843509197235
Episode 1600/3000, Total Reward: 470, Avg Reward: 474.8, Avg Loss: 14.148448467254639
Episode 1700/3000, Total Reward: 478, Avg Reward: 475.96, Avg Loss: 14.463807153701783
Episode 1800/3000, Total Reward: 482, Avg Reward: 476.0, Avg Loss: 14.679886059761047
Episode 1900/3000, Total Reward: 468, Avg Reward: 476.3, Avg Loss: 14.247028238773346
Episode 2000/3000, Total Reward: 458, Avg Reward: 477.36, Avg Loss: 13.277606778144836
Episode 2100/3000, Total Reward: 472, Avg Reward: 476.56, Avg Loss: 14.368215732574463
Episode 2200/3000, Total Reward: 468, Avg Reward: 477.1, Avg Loss: 14.638997344970702
Episode 2300/3000, Total Reward: 482, Avg Reward: 475.92, Avg Loss: 15.710456924438477
Episode 2400/3000, Total Reward: 474, Avg Reward: 475.78, Avg Loss: 15.72253462791443
Episode 2500/3000, Total Reward: 486, Avg Reward: 476.42, Avg Loss: 15.110246114730835
Episode 2600/3000, Total Reward: 480, Avg Reward: 475.86, Avg Loss: 14.399209313392639
Episode 2700/3000, Total Reward: 476, Avg Reward: 477.3, Avg Loss: 14.421039686203002
Episode 2800/3000, Total Reward: 468, Avg Reward: 474.76, Avg Loss: 16.511725935935974
Episode 2900/3000, Total Reward: 482, Avg Reward: 476.96, Avg Loss: 15.62131531715393
Episode 3000/3000, Total Reward: 476, Avg Reward: 474.12, Avg Loss: 16.677154726982117
Converged after 3000 episodes with Avg Reward: 477.36
Model saved at models/a2_500s/trained_model_u587.0.csv.pth
Processing file: u941.0.csv
Loaded pretrained model from models/alpha1_c2_best_model.pth
Episode 100/3000, Total Reward: 432, Avg Reward: 373.74, Avg Loss: 51.74517671585083
Episode 200/3000, Total Reward: 462, Avg Reward: 448.5, Avg Loss: 20.966522912979126
Episode 300/3000, Total Reward: 458, Avg Reward: 461.22, Avg Loss: 19.175849714279174
Episode 400/3000, Total Reward: 468, Avg Reward: 461.9, Avg Loss: 19.96223205089569
Episode 500/3000, Total Reward: 482, Avg Reward: 467.18, Avg Loss: 15.555083560943604
Episode 600/3000, Total Reward: 466, Avg Reward: 469.64, Avg Loss: 16.008238763809203
Episode 700/3000, Total Reward: 466, Avg Reward: 472.66, Avg Loss: 14.631692819595337
Episode 800/3000, Total Reward: 474, Avg Reward: 470.0, Avg Loss: 18.187077407836913
Episode 900/3000, Total Reward: 478, Avg Reward: 474.3, Avg Loss: 13.467712063789367
Episode 1000/3000, Total Reward: 482, Avg Reward: 474.2, Avg Loss: 16.284083852767946
Episode 1100/3000, Total Reward: 476, Avg Reward: 474.4, Avg Loss: 14.992211327552795
Episode 1200/3000, Total Reward: 484, Avg Reward: 476.0, Avg Loss: 14.442066073417664
Episode 1300/3000, Total Reward: 468, Avg Reward: 476.16, Avg Loss: 13.985235848426818
Episode 1400/3000, Total Reward: 482, Avg Reward: 475.28, Avg Loss: 14.91433313369751
Episode 1500/3000, Total Reward: 472, Avg Reward: 476.0, Avg Loss: 13.568907465934753
Episode 1600/3000, Total Reward: 468, Avg Reward: 477.0, Avg Loss: 13.516019489765167
Episode 1700/3000, Total Reward: 482, Avg Reward: 474.94, Avg Loss: 15.719887351989746
Episode 1800/3000, Total Reward: 464, Avg Reward: 472.74, Avg Loss: 16.3402618265152
Episode 1900/3000, Total Reward: 476, Avg Reward: 477.62, Avg Loss: 14.131033406257629
Episode 2000/3000, Total Reward: 478, Avg Reward: 477.28, Avg Loss: 13.492463827133179
Episode 2100/3000, Total Reward: 478, Avg Reward: 477.34, Avg Loss: 13.530697755813598
Episode 2200/3000, Total Reward: 484, Avg Reward: 478.94, Avg Loss: 13.353313665390015
Episode 2300/3000, Total Reward: 476, Avg Reward: 477.0, Avg Loss: 15.146804304122925
Episode 2400/3000, Total Reward: 478, Avg Reward: 477.22, Avg Loss: 13.971090526580811
Episode 2500/3000, Total Reward: 476, Avg Reward: 477.92, Avg Loss: 14.021448650360107
Episode 2600/3000, Total Reward: 468, Avg Reward: 476.9, Avg Loss: 14.716334791183472
Episode 2700/3000, Total Reward: 482, Avg Reward: 477.52, Avg Loss: 14.790464363098145
Episode 2800/3000, Total Reward: 472, Avg Reward: 478.7, Avg Loss: 12.744960656166077
Episode 2900/3000, Total Reward: 484, Avg Reward: 480.66, Avg Loss: 12.1593363904953
Episode 3000/3000, Total Reward: 480, Avg Reward: 476.56, Avg Loss: 14.748157601356507
Model saved at models/a2_500s/trained_model_u941.0.csv.pth
Processing file: u894.0.csv
Loaded pretrained model from models/alpha1_c2_best_model.pth
Episode 100/3000, Total Reward: 436, Avg Reward: 361.58, Avg Loss: 57.22733709335327
Episode 200/3000, Total Reward: 460, Avg Reward: 446.5, Avg Loss: 23.841741819381713
Episode 300/3000, Total Reward: 462, Avg Reward: 461.24, Avg Loss: 17.717063159942626
Episode 400/3000, Total Reward: 468, Avg Reward: 463.4, Avg Loss: 22.255927791595457
Episode 500/3000, Total Reward: 468, Avg Reward: 466.88, Avg Loss: 18.68614954471588
Episode 600/3000, Total Reward: 460, Avg Reward: 469.66, Avg Loss: 17.115634899139405
Episode 700/3000, Total Reward: 468, Avg Reward: 470.22, Avg Loss: 18.819607129096983
Episode 800/3000, Total Reward: 462, Avg Reward: 470.08, Avg Loss: 17.609866161346435
Episode 900/3000, Total Reward: 484, Avg Reward: 472.74, Avg Loss: 15.371638646125794
Episode 1000/3000, Total Reward: 478, Avg Reward: 474.7, Avg Loss: 15.637930088043213
Episode 1100/3000, Total Reward: 470, Avg Reward: 473.82, Avg Loss: 16.069100661277773
Episode 1200/3000, Total Reward: 470, Avg Reward: 473.28, Avg Loss: 15.116073036193848
Episode 1300/3000, Total Reward: 472, Avg Reward: 473.24, Avg Loss: 16.133372769355773
Episode 1400/3000, Total Reward: 480, Avg Reward: 475.92, Avg Loss: 15.609930167198181
Episode 1500/3000, Total Reward: 484, Avg Reward: 473.42, Avg Loss: 16.41630585193634
Episode 1600/3000, Total Reward: 470, Avg Reward: 475.68, Avg Loss: 15.602607722282409
Episode 1700/3000, Total Reward: 464, Avg Reward: 477.98, Avg Loss: 13.139458713531495
Episode 1800/3000, Total Reward: 480, Avg Reward: 476.1, Avg Loss: 15.56825785636902
Episode 1900/3000, Total Reward: 480, Avg Reward: 474.48, Avg Loss: 15.620851588249206
Episode 2000/3000, Total Reward: 466, Avg Reward: 476.18, Avg Loss: 15.596686990261079
Episode 2100/3000, Total Reward: 478, Avg Reward: 476.38, Avg Loss: 15.550470352172852
Episode 2200/3000, Total Reward: 468, Avg Reward: 475.38, Avg Loss: 15.276341042518617
Episode 2300/3000, Total Reward: 486, Avg Reward: 477.52, Avg Loss: 14.315532121658325
Episode 2400/3000, Total Reward: 480, Avg Reward: 477.7, Avg Loss: 14.090835342407226
Episode 2500/3000, Total Reward: 476, Avg Reward: 478.76, Avg Loss: 12.456747198104859
Episode 2600/3000, Total Reward: 474, Avg Reward: 477.92, Avg Loss: 13.710408291816712
Episode 2700/3000, Total Reward: 464, Avg Reward: 475.8, Avg Loss: 15.58813766002655
Episode 2800/3000, Total Reward: 474, Avg Reward: 473.24, Avg Loss: 17.538024954795837
Episode 2900/3000, Total Reward: 484, Avg Reward: 478.5, Avg Loss: 12.597270016670228
Episode 3000/3000, Total Reward: 488, Avg Reward: 477.5, Avg Loss: 14.204663102626801
Model saved at models/a2_500s/trained_model_u894.0.csv.pth
Processing file: u521.0.csv
Loaded pretrained model from models/alpha1_c2_best_model.pth
Episode 100/3000, Total Reward: 444, Avg Reward: 362.64, Avg Loss: 57.890357904434204
Episode 200/3000, Total Reward: 458, Avg Reward: 455.16, Avg Loss: 18.73897852897644
Episode 300/3000, Total Reward: 464, Avg Reward: 462.48, Avg Loss: 17.662908263206482
Episode 400/3000, Total Reward: 478, Avg Reward: 466.38, Avg Loss: 17.00431387901306
Episode 500/3000, Total Reward: 462, Avg Reward: 466.72, Avg Loss: 16.57856439113617
Episode 600/3000, Total Reward: 468, Avg Reward: 469.34, Avg Loss: 16.747287168502808
Episode 700/3000, Total Reward: 476, Avg Reward: 469.1, Avg Loss: 16.56560115814209
Episode 800/3000, Total Reward: 466, Avg Reward: 471.12, Avg Loss: 14.404247064590454
Episode 900/3000, Total Reward: 444, Avg Reward: 470.74, Avg Loss: 15.908584170341491
Episode 1000/3000, Total Reward: 476, Avg Reward: 468.44, Avg Loss: 17.527850074768068
Episode 1100/3000, Total Reward: 474, Avg Reward: 476.04, Avg Loss: 11.452671856880189
Episode 1200/3000, Total Reward: 468, Avg Reward: 472.24, Avg Loss: 14.879836077690124
Episode 1300/3000, Total Reward: 472, Avg Reward: 473.28, Avg Loss: 15.421377596855164
Episode 1400/3000, Total Reward: 464, Avg Reward: 474.34, Avg Loss: 14.116127219200134
Episode 1500/3000, Total Reward: 468, Avg Reward: 471.84, Avg Loss: 15.375928344726562
Episode 1600/3000, Total Reward: 470, Avg Reward: 475.58, Avg Loss: 11.926840543746948
Episode 1700/3000, Total Reward: 478, Avg Reward: 473.78, Avg Loss: 14.399846267700195
Episode 1800/3000, Total Reward: 476, Avg Reward: 475.62, Avg Loss: 12.708454620838165
Episode 1900/3000, Total Reward: 486, Avg Reward: 478.18, Avg Loss: 11.62384912252426
Episode 2000/3000, Total Reward: 486, Avg Reward: 477.52, Avg Loss: 12.095693774223328
Episode 2100/3000, Total Reward: 476, Avg Reward: 477.92, Avg Loss: 12.57564272403717
Episode 2200/3000, Total Reward: 490, Avg Reward: 477.44, Avg Loss: 13.476453824043274
Episode 2300/3000, Total Reward: 486, Avg Reward: 478.24, Avg Loss: 12.125095009803772
Episode 2400/3000, Total Reward: 480, Avg Reward: 474.22, Avg Loss: 15.363628602027893
Episode 2500/3000, Total Reward: 486, Avg Reward: 476.28, Avg Loss: 13.224165377616883
Episode 2600/3000, Total Reward: 478, Avg Reward: 478.32, Avg Loss: 11.643678092956543
Episode 2700/3000, Total Reward: 476, Avg Reward: 473.82, Avg Loss: 15.199580950737
Episode 2800/3000, Total Reward: 484, Avg Reward: 477.38, Avg Loss: 12.410169614553451
Episode 2900/3000, Total Reward: 476, Avg Reward: 476.58, Avg Loss: 13.642062606811523
Episode 3000/3000, Total Reward: 480, Avg Reward: 474.26, Avg Loss: 15.007575597763061
Model saved at models/a2_500s/trained_model_u521.0.csv.pth
Processing file: u466.0.csv
Loaded pretrained model from models/alpha1_c2_best_model.pth
Episode 100/3000, Total Reward: 452, Avg Reward: 381.92, Avg Loss: 46.7472746181488
Episode 200/3000, Total Reward: 466, Avg Reward: 452.88, Avg Loss: 19.04204154968262
Episode 300/3000, Total Reward: 468, Avg Reward: 464.0, Avg Loss: 15.741047592163087
Episode 400/3000, Total Reward: 458, Avg Reward: 467.96, Avg Loss: 16.879364991188048
Episode 500/3000, Total Reward: 480, Avg Reward: 470.84, Avg Loss: 14.800386996269227
Episode 600/3000, Total Reward: 462, Avg Reward: 473.38, Avg Loss: 15.534530401229858
Episode 700/3000, Total Reward: 464, Avg Reward: 473.42, Avg Loss: 15.610575881004333
Episode 800/3000, Total Reward: 480, Avg Reward: 471.4, Avg Loss: 16.972943706512453
Episode 900/3000, Total Reward: 478, Avg Reward: 472.02, Avg Loss: 15.76430181980133
Episode 1000/3000, Total Reward: 464, Avg Reward: 475.74, Avg Loss: 13.205786137580871
Episode 1100/3000, Total Reward: 480, Avg Reward: 474.4, Avg Loss: 15.207912297248841
Episode 1200/3000, Total Reward: 478, Avg Reward: 476.88, Avg Loss: 11.929450631141663
Episode 1300/3000, Total Reward: 476, Avg Reward: 477.72, Avg Loss: 12.16142578125
Episode 1400/3000, Total Reward: 478, Avg Reward: 477.86, Avg Loss: 11.955637826919556
Episode 1500/3000, Total Reward: 488, Avg Reward: 478.9, Avg Loss: 12.184409325122834
Episode 1600/3000, Total Reward: 478, Avg Reward: 479.32, Avg Loss: 11.691457757949829
Episode 1700/3000, Total Reward: 482, Avg Reward: 480.04, Avg Loss: 11.450851209163666
Episode 1800/3000, Total Reward: 478, Avg Reward: 479.42, Avg Loss: 12.057704565525055
Episode 1900/3000, Total Reward: 476, Avg Reward: 478.86, Avg Loss: 12.22441358089447
Episode 2000/3000, Total Reward: 466, Avg Reward: 477.56, Avg Loss: 14.621344008445739
Episode 2100/3000, Total Reward: 480, Avg Reward: 479.86, Avg Loss: 11.991144962310791
Episode 2200/3000, Total Reward: 478, Avg Reward: 477.58, Avg Loss: 13.994432744979859
Episode 2300/3000, Total Reward: 472, Avg Reward: 479.28, Avg Loss: 13.661796627044678
Episode 2400/3000, Total Reward: 484, Avg Reward: 478.18, Avg Loss: 12.97519157409668
Episode 2500/3000, Total Reward: 484, Avg Reward: 480.62, Avg Loss: 11.571839294433595
Episode 2600/3000, Total Reward: 482, Avg Reward: 480.34, Avg Loss: 12.087346625328063
Episode 2700/3000, Total Reward: 484, Avg Reward: 479.94, Avg Loss: 13.307233600616454
Episode 2800/3000, Total Reward: 486, Avg Reward: 479.52, Avg Loss: 12.734199333190919
Episode 2900/3000, Total Reward: 486, Avg Reward: 481.64, Avg Loss: 10.895131146907806
Episode 3000/3000, Total Reward: 482, Avg Reward: 481.34, Avg Loss: 11.57558448791504
Model saved at models/a2_500s/trained_model_u466.0.csv.pth
Processing file: u948.0.csv
Loaded pretrained model from models/alpha1_c2_best_model.pth
Episode 100/3000, Total Reward: 448, Avg Reward: 365.48, Avg Loss: 56.24809251785278
Episode 200/3000, Total Reward: 462, Avg Reward: 447.14, Avg Loss: 22.474887075424196
Episode 300/3000, Total Reward: 452, Avg Reward: 457.52, Avg Loss: 18.095252389907838
Episode 400/3000, Total Reward: 472, Avg Reward: 463.56, Avg Loss: 18.124962005615235
Episode 500/3000, Total Reward: 462, Avg Reward: 466.9, Avg Loss: 18.28491485595703
Episode 600/3000, Total Reward: 462, Avg Reward: 466.5, Avg Loss: 18.532092576026916
Episode 700/3000, Total Reward: 454, Avg Reward: 469.4, Avg Loss: 16.430238423347472
Episode 800/3000, Total Reward: 472, Avg Reward: 468.5, Avg Loss: 18.36752794742584
Episode 900/3000, Total Reward: 470, Avg Reward: 472.1, Avg Loss: 14.308258605003356
Episode 1000/3000, Total Reward: 472, Avg Reward: 471.48, Avg Loss: 16.453192119598388
Episode 1100/3000, Total Reward: 474, Avg Reward: 471.0, Avg Loss: 17.032629899978637
Episode 1200/3000, Total Reward: 460, Avg Reward: 471.76, Avg Loss: 17.084844431877137
Episode 1300/3000, Total Reward: 480, Avg Reward: 472.64, Avg Loss: 17.058006358146667
Episode 1400/3000, Total Reward: 478, Avg Reward: 469.94, Avg Loss: 17.86137709617615
Episode 1500/3000, Total Reward: 468, Avg Reward: 471.96, Avg Loss: 16.79789779186249
Episode 1600/3000, Total Reward: 476, Avg Reward: 475.28, Avg Loss: 14.18268256187439
Episode 1700/3000, Total Reward: 478, Avg Reward: 475.44, Avg Loss: 14.495786514282226
Episode 1800/3000, Total Reward: 486, Avg Reward: 475.86, Avg Loss: 13.292717838287354
Episode 1900/3000, Total Reward: 480, Avg Reward: 475.2, Avg Loss: 15.789105052947997
Episode 2000/3000, Total Reward: 488, Avg Reward: 477.28, Avg Loss: 15.377400825023651
Episode 2100/3000, Total Reward: 474, Avg Reward: 476.02, Avg Loss: 15.533070964813232
Episode 2200/3000, Total Reward: 476, Avg Reward: 475.72, Avg Loss: 15.235633540153504
Episode 2300/3000, Total Reward: 482, Avg Reward: 472.98, Avg Loss: 18.05700601577759
Episode 2400/3000, Total Reward: 468, Avg Reward: 477.02, Avg Loss: 13.742481503486633
Episode 2500/3000, Total Reward: 466, Avg Reward: 475.7, Avg Loss: 15.005989608764649
Episode 2600/3000, Total Reward: 480, Avg Reward: 476.42, Avg Loss: 15.269058790206909
Episode 2700/3000, Total Reward: 482, Avg Reward: 478.72, Avg Loss: 12.999354004859924
Episode 2800/3000, Total Reward: 482, Avg Reward: 476.74, Avg Loss: 13.93633994102478
Episode 2900/3000, Total Reward: 480, Avg Reward: 478.18, Avg Loss: 14.570645611286164
Episode 3000/3000, Total Reward: 472, Avg Reward: 471.8, Avg Loss: 18.367337651252747
Model saved at models/a2_500s/trained_model_u948.0.csv.pth
Processing file: u474.0.csv
Loaded pretrained model from models/alpha1_c2_best_model.pth
Episode 100/3000, Total Reward: 418, Avg Reward: 357.26, Avg Loss: 57.75781513214111
Episode 200/3000, Total Reward: 444, Avg Reward: 442.8, Avg Loss: 27.377498273849486
Episode 300/3000, Total Reward: 442, Avg Reward: 455.94, Avg Loss: 20.044650011062622
Episode 400/3000, Total Reward: 468, Avg Reward: 459.54, Avg Loss: 19.817268981933594
Episode 500/3000, Total Reward: 478, Avg Reward: 466.34, Avg Loss: 16.792743377685547
Episode 600/3000, Total Reward: 476, Avg Reward: 468.0, Avg Loss: 17.690175971984864
Episode 700/3000, Total Reward: 464, Avg Reward: 471.16, Avg Loss: 16.553430719375612
Episode 800/3000, Total Reward: 470, Avg Reward: 470.32, Avg Loss: 17.474600005149842
Episode 900/3000, Total Reward: 472, Avg Reward: 470.86, Avg Loss: 17.474153583049773
Episode 1000/3000, Total Reward: 476, Avg Reward: 469.62, Avg Loss: 19.183278131484986
Episode 1100/3000, Total Reward: 476, Avg Reward: 466.9, Avg Loss: 21.25888252735138
Episode 1200/3000, Total Reward: 484, Avg Reward: 469.12, Avg Loss: 18.81235601902008
Episode 1300/3000, Total Reward: 472, Avg Reward: 474.38, Avg Loss: 15.199208626747131
Episode 1400/3000, Total Reward: 470, Avg Reward: 471.54, Avg Loss: 16.873309421539307
Episode 1500/3000, Total Reward: 466, Avg Reward: 473.08, Avg Loss: 16.25590795993805
Episode 1600/3000, Total Reward: 478, Avg Reward: 474.06, Avg Loss: 15.199899582862853
Episode 1700/3000, Total Reward: 476, Avg Reward: 472.84, Avg Loss: 17.60795307159424
Episode 1800/3000, Total Reward: 482, Avg Reward: 473.66, Avg Loss: 15.698412675857544
Episode 1900/3000, Total Reward: 470, Avg Reward: 472.42, Avg Loss: 15.717501997947693
Episode 2000/3000, Total Reward: 456, Avg Reward: 466.56, Avg Loss: 20.62459719657898
Episode 2100/3000, Total Reward: 464, Avg Reward: 469.96, Avg Loss: 16.882750458717346
Episode 2200/3000, Total Reward: 472, Avg Reward: 476.98, Avg Loss: 13.094919037818908
Episode 2300/3000, Total Reward: 472, Avg Reward: 474.98, Avg Loss: 15.574082536697388
Episode 2400/3000, Total Reward: 476, Avg Reward: 472.74, Avg Loss: 17.869375414848328
Episode 2500/3000, Total Reward: 474, Avg Reward: 477.08, Avg Loss: 14.156162886619567
Episode 2600/3000, Total Reward: 472, Avg Reward: 477.02, Avg Loss: 13.726953706741334
Episode 2700/3000, Total Reward: 480, Avg Reward: 476.74, Avg Loss: 14.234131588935853
Episode 2800/3000, Total Reward: 488, Avg Reward: 477.48, Avg Loss: 14.476397733688355
Episode 2900/3000, Total Reward: 472, Avg Reward: 476.34, Avg Loss: 14.40086634159088
Episode 3000/3000, Total Reward: 470, Avg Reward: 477.44, Avg Loss: 14.017668747901917
Model saved at models/a2_500s/trained_model_u474.0.csv.pth
Processing file: u371.0.csv
Loaded pretrained model from models/alpha1_c2_best_model.pth
Episode 100/3000, Total Reward: 422, Avg Reward: 359.7, Avg Loss: 59.286011905670165
Episode 200/3000, Total Reward: 462, Avg Reward: 440.54, Avg Loss: 28.004799423217772
Episode 300/3000, Total Reward: 464, Avg Reward: 455.12, Avg Loss: 20.257957286834717
Episode 400/3000, Total Reward: 474, Avg Reward: 460.74, Avg Loss: 21.40741225242615
Episode 500/3000, Total Reward: 474, Avg Reward: 467.38, Avg Loss: 17.026221075057983
Episode 600/3000, Total Reward: 462, Avg Reward: 460.58, Avg Loss: 22.178359274864196
Episode 700/3000, Total Reward: 464, Avg Reward: 462.7, Avg Loss: 21.038049879074098
Episode 800/3000, Total Reward: 458, Avg Reward: 467.22, Avg Loss: 18.090141768455506
Episode 900/3000, Total Reward: 476, Avg Reward: 468.42, Avg Loss: 18.602649879455566
Episode 1000/3000, Total Reward: 472, Avg Reward: 468.2, Avg Loss: 17.875919308662414
Episode 1100/3000, Total Reward: 464, Avg Reward: 469.34, Avg Loss: 18.179730710983275
Episode 1200/3000, Total Reward: 472, Avg Reward: 470.76, Avg Loss: 16.659905514717103
Episode 1300/3000, Total Reward: 466, Avg Reward: 470.14, Avg Loss: 17.625602269172667
Episode 1400/3000, Total Reward: 472, Avg Reward: 471.14, Avg Loss: 17.72954892158508
Episode 1500/3000, Total Reward: 480, Avg Reward: 469.74, Avg Loss: 19.093944911956786
Episode 1600/3000, Total Reward: 478, Avg Reward: 475.38, Avg Loss: 14.303467314243317
Episode 1700/3000, Total Reward: 472, Avg Reward: 474.62, Avg Loss: 15.426177968978882
Episode 1800/3000, Total Reward: 474, Avg Reward: 473.84, Avg Loss: 16.361953320503236
Episode 1900/3000, Total Reward: 472, Avg Reward: 469.24, Avg Loss: 19.72065830230713
Episode 2000/3000, Total Reward: 468, Avg Reward: 474.66, Avg Loss: 15.341681339740752
Episode 2100/3000, Total Reward: 474, Avg Reward: 475.78, Avg Loss: 15.77365843296051
Episode 2200/3000, Total Reward: 452, Avg Reward: 476.32, Avg Loss: 14.28909550666809
Episode 2300/3000, Total Reward: 484, Avg Reward: 471.74, Avg Loss: 19.035789012908936
Episode 2400/3000, Total Reward: 480, Avg Reward: 474.86, Avg Loss: 15.595891180038452
Episode 2500/3000, Total Reward: 482, Avg Reward: 475.34, Avg Loss: 16.59074411869049
Episode 2600/3000, Total Reward: 476, Avg Reward: 476.44, Avg Loss: 14.86295070886612
Episode 2700/3000, Total Reward: 474, Avg Reward: 474.54, Avg Loss: 16.259307765960692
Episode 2800/3000, Total Reward: 488, Avg Reward: 474.2, Avg Loss: 15.558490924835205
Episode 2900/3000, Total Reward: 482, Avg Reward: 474.38, Avg Loss: 15.804821262359619
Episode 3000/3000, Total Reward: 474, Avg Reward: 478.04, Avg Loss: 13.211601626873016
Model saved at models/a2_500s/trained_model_u371.0.csv.pth
Processing file: u893.0.csv
Loaded pretrained model from models/alpha1_c2_best_model.pth
Episode 100/3000, Total Reward: 448, Avg Reward: 339.86, Avg Loss: 68.55610153198242
Episode 200/3000, Total Reward: 454, Avg Reward: 453.6, Avg Loss: 17.57204062461853
Episode 300/3000, Total Reward: 472, Avg Reward: 464.3, Avg Loss: 14.96042504310608
Episode 400/3000, Total Reward: 466, Avg Reward: 465.08, Avg Loss: 18.15096124649048
Episode 500/3000, Total Reward: 470, Avg Reward: 467.3, Avg Loss: 16.010138268470765
Episode 600/3000, Total Reward: 476, Avg Reward: 470.42, Avg Loss: 14.64818759918213
Episode 700/3000, Total Reward: 456, Avg Reward: 470.24, Avg Loss: 16.460140299797057
Episode 800/3000, Total Reward: 476, Avg Reward: 473.44, Avg Loss: 12.433502340316773
Episode 900/3000, Total Reward: 466, Avg Reward: 470.44, Avg Loss: 16.779657039642334
Episode 1000/3000, Total Reward: 456, Avg Reward: 466.36, Avg Loss: 20.7894655418396
Episode 1100/3000, Total Reward: 480, Avg Reward: 472.36, Avg Loss: 13.175559449195863
Episode 1200/3000, Total Reward: 468, Avg Reward: 473.74, Avg Loss: 13.30136872291565
Episode 1300/3000, Total Reward: 482, Avg Reward: 474.72, Avg Loss: 13.789512691497803
Episode 1400/3000, Total Reward: 474, Avg Reward: 473.36, Avg Loss: 14.553393654823303
Episode 1500/3000, Total Reward: 472, Avg Reward: 473.56, Avg Loss: 14.372503361701966
Episode 1600/3000, Total Reward: 476, Avg Reward: 471.76, Avg Loss: 15.788313717842103
Episode 1700/3000, Total Reward: 476, Avg Reward: 472.0, Avg Loss: 15.315873522758483
Episode 1800/3000, Total Reward: 460, Avg Reward: 474.84, Avg Loss: 12.325496196746826
Episode 1900/3000, Total Reward: 474, Avg Reward: 474.14, Avg Loss: 13.40752541065216
Episode 2000/3000, Total Reward: 466, Avg Reward: 476.16, Avg Loss: 11.747296142578126
Episode 2100/3000, Total Reward: 476, Avg Reward: 475.7, Avg Loss: 14.02163360118866
Episode 2200/3000, Total Reward: 482, Avg Reward: 476.2, Avg Loss: 12.341073875427247
Episode 2300/3000, Total Reward: 476, Avg Reward: 474.66, Avg Loss: 14.01603169441223
Episode 2400/3000, Total Reward: 464, Avg Reward: 475.38, Avg Loss: 13.336441235542297
Episode 2500/3000, Total Reward: 478, Avg Reward: 476.38, Avg Loss: 12.430551571846008
Episode 2600/3000, Total Reward: 474, Avg Reward: 475.36, Avg Loss: 14.120336608886719
Episode 2700/3000, Total Reward: 464, Avg Reward: 474.44, Avg Loss: 13.183168535232545
Episode 2800/3000, Total Reward: 488, Avg Reward: 475.22, Avg Loss: 12.816976528167725
Episode 2900/3000, Total Reward: 482, Avg Reward: 477.74, Avg Loss: 11.593716909885407
Episode 3000/3000, Total Reward: 468, Avg Reward: 475.5, Avg Loss: 14.24730664253235
Model saved at models/a2_500s/trained_model_u893.0.csv.pth
Processing file: u550.0.csv
Loaded pretrained model from models/alpha1_c2_best_model.pth
Episode 100/3000, Total Reward: 452, Avg Reward: 338.54, Avg Loss: 66.98918533325195
Episode 200/3000, Total Reward: 470, Avg Reward: 458.58, Avg Loss: 15.14439968585968
Episode 300/3000, Total Reward: 448, Avg Reward: 465.0, Avg Loss: 16.175610265731812
Episode 400/3000, Total Reward: 474, Avg Reward: 468.68, Avg Loss: 16.292825660705567
Episode 500/3000, Total Reward: 470, Avg Reward: 469.76, Avg Loss: 15.793686676025391
Episode 600/3000, Total Reward: 458, Avg Reward: 471.02, Avg Loss: 14.135683975219727
Episode 700/3000, Total Reward: 460, Avg Reward: 472.26, Avg Loss: 14.816467862129212
Episode 800/3000, Total Reward: 476, Avg Reward: 471.7, Avg Loss: 15.09237494468689
Episode 900/3000, Total Reward: 472, Avg Reward: 474.34, Avg Loss: 14.268542051315308
Episode 1000/3000, Total Reward: 472, Avg Reward: 472.76, Avg Loss: 12.982889938354493
Episode 1100/3000, Total Reward: 468, Avg Reward: 474.5, Avg Loss: 14.412327456474305
Episode 1200/3000, Total Reward: 472, Avg Reward: 473.94, Avg Loss: 13.793643579483032
Episode 1300/3000, Total Reward: 480, Avg Reward: 472.64, Avg Loss: 15.595429463386536
Episode 1400/3000, Total Reward: 480, Avg Reward: 475.7, Avg Loss: 13.813266866207123
Episode 1500/3000, Total Reward: 460, Avg Reward: 471.28, Avg Loss: 15.618969993591309
Episode 1600/3000, Total Reward: 482, Avg Reward: 475.18, Avg Loss: 14.695203890800476
Episode 1700/3000, Total Reward: 476, Avg Reward: 476.08, Avg Loss: 11.667117972373962
Episode 1800/3000, Total Reward: 472, Avg Reward: 476.22, Avg Loss: 13.215898065567016
Episode 1900/3000, Total Reward: 478, Avg Reward: 473.76, Avg Loss: 15.148855259418488
Episode 2000/3000, Total Reward: 476, Avg Reward: 477.04, Avg Loss: 12.249374985694885
Episode 2100/3000, Total Reward: 484, Avg Reward: 477.86, Avg Loss: 9.975910511016846
Episode 2200/3000, Total Reward: 484, Avg Reward: 478.22, Avg Loss: 11.018331265449524
Episode 2300/3000, Total Reward: 458, Avg Reward: 476.96, Avg Loss: 11.112176756858826
Episode 2400/3000, Total Reward: 486, Avg Reward: 474.88, Avg Loss: 14.411229529380797
Episode 2500/3000, Total Reward: 478, Avg Reward: 478.16, Avg Loss: 9.946197261810303
Episode 2600/3000, Total Reward: 474, Avg Reward: 478.56, Avg Loss: 10.995577945709229
Episode 2700/3000, Total Reward: 490, Avg Reward: 479.18, Avg Loss: 11.472061421871185
Episode 2800/3000, Total Reward: 476, Avg Reward: 478.38, Avg Loss: 12.17243127822876
Episode 2900/3000, Total Reward: 488, Avg Reward: 479.74, Avg Loss: 10.325460438728333
Episode 3000/3000, Total Reward: 484, Avg Reward: 478.22, Avg Loss: 12.60135635137558
Model saved at models/a2_500s/trained_model_u550.0.csv.pth
Processing file: u740.0.csv
Loaded pretrained model from models/alpha1_c2_best_model.pth
Episode 100/3000, Total Reward: 472, Avg Reward: 397.48, Avg Loss: 49.71459015846253
Episode 200/3000, Total Reward: 492, Avg Reward: 479.24, Avg Loss: 6.531529283523559
Episode 300/3000, Total Reward: 486, Avg Reward: 487.74, Avg Loss: 4.229685661792755
Episode 400/3000, Total Reward: 492, Avg Reward: 486.52, Avg Loss: 6.248183920383453
Episode 500/3000, Total Reward: 496, Avg Reward: 486.18, Avg Loss: 7.092654087543488
Episode 600/3000, Total Reward: 480, Avg Reward: 487.26, Avg Loss: 6.255427806377411
Episode 700/3000, Total Reward: 490, Avg Reward: 487.32, Avg Loss: 6.629775409698486
Episode 800/3000, Total Reward: 488, Avg Reward: 488.3, Avg Loss: 5.558244080543518
Episode 900/3000, Total Reward: 494, Avg Reward: 488.62, Avg Loss: 6.36311316728592
Episode 1000/3000, Total Reward: 488, Avg Reward: 488.58, Avg Loss: 5.105459055900574
Episode 1100/3000, Total Reward: 492, Avg Reward: 488.98, Avg Loss: 4.831154209375382
Episode 1200/3000, Total Reward: 496, Avg Reward: 488.98, Avg Loss: 6.912084311246872
Episode 1300/3000, Total Reward: 486, Avg Reward: 490.74, Avg Loss: 4.787305228114128
Episode 1400/3000, Total Reward: 488, Avg Reward: 487.18, Avg Loss: 7.710370161533356
Episode 1500/3000, Total Reward: 492, Avg Reward: 489.0, Avg Loss: 5.8636800074577335
Episode 1600/3000, Total Reward: 488, Avg Reward: 489.7, Avg Loss: 5.809807585477829
Episode 1700/3000, Total Reward: 498, Avg Reward: 489.54, Avg Loss: 5.877309423685074
Episode 1800/3000, Total Reward: 484, Avg Reward: 490.84, Avg Loss: 5.083139634132385
Episode 1900/3000, Total Reward: 488, Avg Reward: 486.3, Avg Loss: 8.320973214805127
Episode 2000/3000, Total Reward: 490, Avg Reward: 490.56, Avg Loss: 5.483320838212967
Episode 2100/3000, Total Reward: 496, Avg Reward: 487.78, Avg Loss: 8.045640822947025
Episode 2200/3000, Total Reward: 488, Avg Reward: 489.64, Avg Loss: 5.347808882594109
Episode 2300/3000, Total Reward: 494, Avg Reward: 488.98, Avg Loss: 6.4195610511302945
Episode 2400/3000, Total Reward: 490, Avg Reward: 491.7, Avg Loss: 5.0939054107666015
Episode 2500/3000, Total Reward: 494, Avg Reward: 491.32, Avg Loss: 5.472083362042904
Episode 2600/3000, Total Reward: 492, Avg Reward: 490.18, Avg Loss: 6.125930322408676
Episode 2700/3000, Total Reward: 494, Avg Reward: 488.62, Avg Loss: 6.9272102481126785
Episode 2800/3000, Total Reward: 490, Avg Reward: 487.1, Avg Loss: 8.403078932762146
Episode 2900/3000, Total Reward: 490, Avg Reward: 491.9, Avg Loss: 5.103719496130943
Episode 3000/3000, Total Reward: 486, Avg Reward: 489.78, Avg Loss: 6.2586988508701324
Model saved at models/a2_500s/trained_model_u740.0.csv.pth
Processing file: u837.0.csv
Loaded pretrained model from models/alpha1_c2_best_model.pth
Episode 100/3000, Total Reward: 326, Avg Reward: 282.7, Avg Loss: 98.81403324127197
Episode 200/3000, Total Reward: 366, Avg Reward: 375.74, Avg Loss: 53.088413619995116
Episode 300/3000, Total Reward: 392, Avg Reward: 393.76, Avg Loss: 48.904182815551756
Episode 400/3000, Total Reward: 400, Avg Reward: 402.24, Avg Loss: 41.40090805053711
Episode 500/3000, Total Reward: 398, Avg Reward: 416.8, Avg Loss: 33.77452463150024
Episode 600/3000, Total Reward: 432, Avg Reward: 423.64, Avg Loss: 31.552724924087524
Episode 700/3000, Total Reward: 420, Avg Reward: 427.34, Avg Loss: 28.20655824661255
Episode 800/3000, Total Reward: 436, Avg Reward: 430.82, Avg Loss: 27.443888788223266
Episode 900/3000, Total Reward: 432, Avg Reward: 434.2, Avg Loss: 25.95809723854065
Episode 1000/3000, Total Reward: 430, Avg Reward: 438.72, Avg Loss: 25.402479372024537
Episode 1100/3000, Total Reward: 454, Avg Reward: 441.66, Avg Loss: 23.207941360473633
Episode 1200/3000, Total Reward: 444, Avg Reward: 440.44, Avg Loss: 23.706440076828002
Episode 1300/3000, Total Reward: 448, Avg Reward: 441.68, Avg Loss: 24.145561962127687
Episode 1400/3000, Total Reward: 424, Avg Reward: 447.26, Avg Loss: 20.816891746520994
Episode 1500/3000, Total Reward: 440, Avg Reward: 447.26, Avg Loss: 21.079986457824706
Episode 1600/3000, Total Reward: 456, Avg Reward: 450.0, Avg Loss: 20.89790916442871
Episode 1700/3000, Total Reward: 448, Avg Reward: 450.8, Avg Loss: 19.302546463012696
Episode 1800/3000, Total Reward: 450, Avg Reward: 445.74, Avg Loss: 23.23891137123108
Episode 1900/3000, Total Reward: 474, Avg Reward: 452.32, Avg Loss: 18.74083387374878
Episode 2000/3000, Total Reward: 462, Avg Reward: 452.56, Avg Loss: 18.855790758132933
Episode 2100/3000, Total Reward: 452, Avg Reward: 452.56, Avg Loss: 16.506817054748534
Episode 2200/3000, Total Reward: 452, Avg Reward: 454.32, Avg Loss: 18.54266523361206
Episode 2300/3000, Total Reward: 462, Avg Reward: 455.86, Avg Loss: 17.683899397850038
Episode 2400/3000, Total Reward: 462, Avg Reward: 454.54, Avg Loss: 18.234412360191346
Episode 2500/3000, Total Reward: 444, Avg Reward: 459.08, Avg Loss: 16.147352743148804
Episode 2600/3000, Total Reward: 458, Avg Reward: 458.82, Avg Loss: 16.349478392601014
Episode 2700/3000, Total Reward: 454, Avg Reward: 457.9, Avg Loss: 17.21183533668518
Episode 2800/3000, Total Reward: 466, Avg Reward: 458.36, Avg Loss: 16.8133710193634
Episode 2900/3000, Total Reward: 448, Avg Reward: 457.44, Avg Loss: 18.27963303565979
Episode 3000/3000, Total Reward: 462, Avg Reward: 458.96, Avg Loss: 18.050164556503297
Model saved at models/a2_500s/trained_model_u837.0.csv.pth
Processing file: u582.0.csv
Loaded pretrained model from models/alpha1_c2_best_model.pth
Episode 100/3000, Total Reward: 432, Avg Reward: 358.46, Avg Loss: 63.09014245033264
Episode 200/3000, Total Reward: 462, Avg Reward: 449.98, Avg Loss: 18.911985673904418
Episode 300/3000, Total Reward: 458, Avg Reward: 467.28, Avg Loss: 16.184973978996275
Episode 400/3000, Total Reward: 456, Avg Reward: 468.52, Avg Loss: 16.800812711715697
Episode 500/3000, Total Reward: 468, Avg Reward: 474.26, Avg Loss: 13.408338751792908
Episode 600/3000, Total Reward: 476, Avg Reward: 473.28, Avg Loss: 16.75723977088928
Episode 700/3000, Total Reward: 474, Avg Reward: 475.38, Avg Loss: 14.804913578033448
Episode 800/3000, Total Reward: 468, Avg Reward: 475.84, Avg Loss: 14.098993358612061
Episode 900/3000, Total Reward: 466, Avg Reward: 476.46, Avg Loss: 13.966721067428589
Episode 1000/3000, Total Reward: 484, Avg Reward: 476.4, Avg Loss: 14.648273639678955
Episode 1100/3000, Total Reward: 468, Avg Reward: 477.18, Avg Loss: 12.78010133266449
Episode 1200/3000, Total Reward: 472, Avg Reward: 477.66, Avg Loss: 13.709021575450898
Episode 1300/3000, Total Reward: 478, Avg Reward: 479.36, Avg Loss: 13.12778344154358
Episode 1400/3000, Total Reward: 480, Avg Reward: 477.32, Avg Loss: 14.398534569740296
Episode 1500/3000, Total Reward: 468, Avg Reward: 480.32, Avg Loss: 12.100362334251404
Episode 1600/3000, Total Reward: 480, Avg Reward: 477.92, Avg Loss: 14.20350959777832
Episode 1700/3000, Total Reward: 484, Avg Reward: 478.5, Avg Loss: 13.806547532081604
Episode 1800/3000, Total Reward: 482, Avg Reward: 478.74, Avg Loss: 13.444026403427124
Episode 1900/3000, Total Reward: 482, Avg Reward: 476.78, Avg Loss: 15.757669384479522
Episode 2000/3000, Total Reward: 476, Avg Reward: 479.24, Avg Loss: 13.719291899204254
Episode 2100/3000, Total Reward: 482, Avg Reward: 479.0, Avg Loss: 13.341714799404144
Episode 2200/3000, Total Reward: 480, Avg Reward: 478.86, Avg Loss: 12.526509091854095
Episode 2300/3000, Total Reward: 482, Avg Reward: 481.16, Avg Loss: 11.34243604183197
Episode 2400/3000, Total Reward: 478, Avg Reward: 480.72, Avg Loss: 11.717399563789368
Episode 2500/3000, Total Reward: 486, Avg Reward: 481.14, Avg Loss: 11.748881006240845
Episode 2600/3000, Total Reward: 486, Avg Reward: 482.12, Avg Loss: 12.022085828781128
Episode 2700/3000, Total Reward: 492, Avg Reward: 482.84, Avg Loss: 11.037352724075317
Episode 2800/3000, Total Reward: 478, Avg Reward: 481.62, Avg Loss: 10.938391425609588
Episode 2900/3000, Total Reward: 482, Avg Reward: 482.02, Avg Loss: 11.164546806812286
Episode 3000/3000, Total Reward: 486, Avg Reward: 482.28, Avg Loss: 11.014978642463683
Model saved at models/a2_500s/trained_model_u582.0.csv.pth
Processing file: u586.0.csv
Loaded pretrained model from models/alpha1_c2_best_model.pth
Episode 100/3000, Total Reward: 434, Avg Reward: 361.82, Avg Loss: 56.16959970474243
Episode 200/3000, Total Reward: 450, Avg Reward: 451.74, Avg Loss: 22.29217969417572
Episode 300/3000, Total Reward: 470, Avg Reward: 459.24, Avg Loss: 20.069692974090575
Episode 400/3000, Total Reward: 468, Avg Reward: 456.4, Avg Loss: 22.519809160232544
Episode 500/3000, Total Reward: 456, Avg Reward: 465.26, Avg Loss: 19.40807215690613
Episode 600/3000, Total Reward: 458, Avg Reward: 465.2, Avg Loss: 21.800991382598877
Episode 700/3000, Total Reward: 476, Avg Reward: 465.68, Avg Loss: 18.864634494781495
Episode 800/3000, Total Reward: 470, Avg Reward: 466.94, Avg Loss: 19.9730455160141
Episode 900/3000, Total Reward: 448, Avg Reward: 467.22, Avg Loss: 18.01703276157379
Episode 1000/3000, Total Reward: 460, Avg Reward: 467.16, Avg Loss: 20.167685251235962
Episode 1100/3000, Total Reward: 474, Avg Reward: 467.26, Avg Loss: 18.705356388092042
Episode 1200/3000, Total Reward: 468, Avg Reward: 469.82, Avg Loss: 17.997004952430725
Episode 1300/3000, Total Reward: 470, Avg Reward: 469.66, Avg Loss: 17.768175339698793
Episode 1400/3000, Total Reward: 474, Avg Reward: 470.3, Avg Loss: 16.037668743133544
Episode 1500/3000, Total Reward: 474, Avg Reward: 470.98, Avg Loss: 16.745355348587037
Episode 1600/3000, Total Reward: 478, Avg Reward: 469.46, Avg Loss: 18.96556657791138
Episode 1700/3000, Total Reward: 468, Avg Reward: 472.3, Avg Loss: 16.013844933509827
Episode 1800/3000, Total Reward: 474, Avg Reward: 474.84, Avg Loss: 13.934240522384643
Episode 1900/3000, Total Reward: 474, Avg Reward: 471.22, Avg Loss: 18.741109528541564
Episode 2000/3000, Total Reward: 472, Avg Reward: 472.72, Avg Loss: 16.103273277282714
Episode 2100/3000, Total Reward: 474, Avg Reward: 473.26, Avg Loss: 16.646110372543333
Episode 2200/3000, Total Reward: 480, Avg Reward: 472.38, Avg Loss: 16.319383206367494
Episode 2300/3000, Total Reward: 474, Avg Reward: 474.94, Avg Loss: 14.827330660820007
Episode 2400/3000, Total Reward: 476, Avg Reward: 474.34, Avg Loss: 16.088277049064637
Episode 2500/3000, Total Reward: 476, Avg Reward: 473.36, Avg Loss: 17.686890363693237
Episode 2600/3000, Total Reward: 464, Avg Reward: 473.84, Avg Loss: 16.31601478099823
Episode 2700/3000, Total Reward: 462, Avg Reward: 472.5, Avg Loss: 16.98991427898407
Episode 2800/3000, Total Reward: 480, Avg Reward: 477.66, Avg Loss: 13.935704431533814
Episode 2900/3000, Total Reward: 472, Avg Reward: 474.62, Avg Loss: 16.022415199279784
Episode 3000/3000, Total Reward: 472, Avg Reward: 472.26, Avg Loss: 19.048061718940733
Model saved at models/a2_500s/trained_model_u586.0.csv.pth
Processing file: u405.0.csv
Loaded pretrained model from models/alpha1_c2_best_model.pth
Episode 100/3000, Total Reward: 448, Avg Reward: 371.28, Avg Loss: 50.14438404083252
Episode 200/3000, Total Reward: 458, Avg Reward: 453.16, Avg Loss: 18.68583448410034
Episode 300/3000, Total Reward: 452, Avg Reward: 464.38, Avg Loss: 15.374104471206666
Episode 400/3000, Total Reward: 462, Avg Reward: 469.58, Avg Loss: 17.130478591918944
Episode 500/3000, Total Reward: 470, Avg Reward: 468.56, Avg Loss: 17.663394713401793
Episode 600/3000, Total Reward: 462, Avg Reward: 469.68, Avg Loss: 16.601010732650757
Episode 700/3000, Total Reward: 476, Avg Reward: 471.66, Avg Loss: 16.608892540931702
Episode 800/3000, Total Reward: 470, Avg Reward: 472.2, Avg Loss: 14.38948884487152
Episode 900/3000, Total Reward: 478, Avg Reward: 475.42, Avg Loss: 12.899125161170959
Episode 1000/3000, Total Reward: 478, Avg Reward: 474.8, Avg Loss: 14.931999588012696
Episode 1100/3000, Total Reward: 476, Avg Reward: 475.84, Avg Loss: 14.059169287681579
Episode 1200/3000, Total Reward: 472, Avg Reward: 476.5, Avg Loss: 14.072014861106872
Episode 1300/3000, Total Reward: 472, Avg Reward: 474.62, Avg Loss: 16.40522571325302
Episode 1400/3000, Total Reward: 480, Avg Reward: 476.84, Avg Loss: 14.076462535858154
Episode 1500/3000, Total Reward: 476, Avg Reward: 476.98, Avg Loss: 14.64628720998764
Episode 1600/3000, Total Reward: 466, Avg Reward: 476.06, Avg Loss: 14.389956424236297
Episode 1700/3000, Total Reward: 476, Avg Reward: 476.5, Avg Loss: 15.649936304092407
Episode 1800/3000, Total Reward: 470, Avg Reward: 478.16, Avg Loss: 14.050004577636718
Episode 1900/3000, Total Reward: 474, Avg Reward: 477.64, Avg Loss: 14.420236897468566
Episode 2000/3000, Total Reward: 482, Avg Reward: 477.86, Avg Loss: 12.466417627334595
Episode 2100/3000, Total Reward: 470, Avg Reward: 475.24, Avg Loss: 16.225140714645384
Episode 2200/3000, Total Reward: 484, Avg Reward: 477.26, Avg Loss: 13.669665672779082
Episode 2300/3000, Total Reward: 478, Avg Reward: 476.88, Avg Loss: 14.588448638916015
Episode 2400/3000, Total Reward: 482, Avg Reward: 478.5, Avg Loss: 13.790720846652984
Episode 2500/3000, Total Reward: 482, Avg Reward: 478.58, Avg Loss: 13.206289429664611
Episode 2600/3000, Total Reward: 476, Avg Reward: 481.48, Avg Loss: 11.43093402147293
Episode 2700/3000, Total Reward: 476, Avg Reward: 478.94, Avg Loss: 13.179861145019531
Episode 2800/3000, Total Reward: 490, Avg Reward: 479.9, Avg Loss: 12.877056069374085
Episode 2900/3000, Total Reward: 470, Avg Reward: 479.7, Avg Loss: 12.339846587181091
Episode 3000/3000, Total Reward: 482, Avg Reward: 479.24, Avg Loss: 13.522630734443664
Model saved at models/a2_500s/trained_model_u405.0.csv.pth
Processing file: u970.0.csv
Loaded pretrained model from models/alpha1_c2_best_model.pth
Episode 100/3000, Total Reward: 408, Avg Reward: 326.78, Avg Loss: 72.30571784973145
Episode 200/3000, Total Reward: 464, Avg Reward: 439.9, Avg Loss: 24.06987488746643
Episode 300/3000, Total Reward: 456, Avg Reward: 456.74, Avg Loss: 19.958785457611086
Episode 400/3000, Total Reward: 456, Avg Reward: 462.62, Avg Loss: 15.162304625511169
Episode 500/3000, Total Reward: 460, Avg Reward: 465.16, Avg Loss: 14.530197920799255
Episode 600/3000, Total Reward: 476, Avg Reward: 467.04, Avg Loss: 16.941725378036498
Episode 700/3000, Total Reward: 470, Avg Reward: 469.62, Avg Loss: 15.63794942855835
Episode 800/3000, Total Reward: 470, Avg Reward: 472.16, Avg Loss: 13.770007395744324
Episode 900/3000, Total Reward: 478, Avg Reward: 473.56, Avg Loss: 11.080629773139954
Episode 1000/3000, Total Reward: 476, Avg Reward: 472.18, Avg Loss: 13.891790342330932
Episode 1100/3000, Total Reward: 470, Avg Reward: 476.18, Avg Loss: 11.250250744819642
Episode 1200/3000, Total Reward: 480, Avg Reward: 474.88, Avg Loss: 13.576591048240662
Episode 1300/3000, Total Reward: 490, Avg Reward: 476.36, Avg Loss: 11.84687680721283
Episode 1400/3000, Total Reward: 472, Avg Reward: 476.64, Avg Loss: 12.12245629310608
Episode 1500/3000, Total Reward: 472, Avg Reward: 474.16, Avg Loss: 14.710150365829469
Episode 1600/3000, Total Reward: 474, Avg Reward: 474.32, Avg Loss: 13.858567938804626
Episode 1700/3000, Total Reward: 480, Avg Reward: 476.42, Avg Loss: 13.005953183174134
Episode 1800/3000, Total Reward: 470, Avg Reward: 474.96, Avg Loss: 14.109914240837098
Episode 1900/3000, Total Reward: 480, Avg Reward: 475.26, Avg Loss: 13.366257033348084
Episode 2000/3000, Total Reward: 472, Avg Reward: 476.88, Avg Loss: 12.514843950271606
Episode 2100/3000, Total Reward: 460, Avg Reward: 475.36, Avg Loss: 13.133972654342651
Episode 2200/3000, Total Reward: 470, Avg Reward: 474.66, Avg Loss: 13.640011372566223
Episode 2300/3000, Total Reward: 482, Avg Reward: 477.5, Avg Loss: 11.723451709747314
Episode 2400/3000, Total Reward: 480, Avg Reward: 477.98, Avg Loss: 12.072540531158447
Episode 2500/3000, Total Reward: 476, Avg Reward: 476.94, Avg Loss: 11.845110001564025
Episode 2600/3000, Total Reward: 476, Avg Reward: 477.14, Avg Loss: 12.12875105857849
Episode 2700/3000, Total Reward: 476, Avg Reward: 476.1, Avg Loss: 12.708306279182434
Episode 2800/3000, Total Reward: 472, Avg Reward: 476.7, Avg Loss: 11.984783964157105
Episode 2900/3000, Total Reward: 470, Avg Reward: 475.4, Avg Loss: 13.701952538490296
Episode 3000/3000, Total Reward: 478, Avg Reward: 479.82, Avg Loss: 9.797029399871827
Model saved at models/a2_500s/trained_model_u970.0.csv.pth
Processing file: u628.0.csv
Loaded pretrained model from models/alpha1_c2_best_model.pth
Episode 100/3000, Total Reward: 462, Avg Reward: 376.26, Avg Loss: 56.35418115615845
Episode 200/3000, Total Reward: 486, Avg Reward: 477.26, Avg Loss: 8.902373065948487
Episode 300/3000, Total Reward: 496, Avg Reward: 484.32, Avg Loss: 3.432479500770569
Episode 400/3000, Total Reward: 488, Avg Reward: 486.5, Avg Loss: 4.69780617237091
Episode 500/3000, Total Reward: 488, Avg Reward: 487.22, Avg Loss: 3.4201635301113127
Episode 600/3000, Total Reward: 486, Avg Reward: 488.26, Avg Loss: 4.177655453681946
Episode 700/3000, Total Reward: 480, Avg Reward: 487.16, Avg Loss: 4.261642943620682
Episode 800/3000, Total Reward: 474, Avg Reward: 486.06, Avg Loss: 6.244039865732193
Episode 900/3000, Total Reward: 480, Avg Reward: 482.98, Avg Loss: 9.342989083528519
Episode 1000/3000, Total Reward: 492, Avg Reward: 487.68, Avg Loss: 4.571171309947967
Episode 1100/3000, Total Reward: 492, Avg Reward: 489.54, Avg Loss: 3.535902244448662
Episode 1200/3000, Total Reward: 490, Avg Reward: 487.76, Avg Loss: 5.272655786275863
Episode 1300/3000, Total Reward: 496, Avg Reward: 488.34, Avg Loss: 4.412291849851608
Episode 1400/3000, Total Reward: 488, Avg Reward: 489.96, Avg Loss: 3.6143923556804656
Episode 1500/3000, Total Reward: 490, Avg Reward: 486.74, Avg Loss: 4.573059339523315
Episode 1600/3000, Total Reward: 490, Avg Reward: 488.62, Avg Loss: 4.330601437091827
Episode 1700/3000, Total Reward: 488, Avg Reward: 488.74, Avg Loss: 4.622597739696503
Episode 1800/3000, Total Reward: 498, Avg Reward: 488.12, Avg Loss: 4.796946061849594
Episode 1900/3000, Total Reward: 484, Avg Reward: 488.42, Avg Loss: 3.9857698929309846
Episode 2000/3000, Total Reward: 482, Avg Reward: 489.44, Avg Loss: 3.6329860711097717
Episode 2100/3000, Total Reward: 486, Avg Reward: 487.74, Avg Loss: 5.147822870612145
Episode 2200/3000, Total Reward: 486, Avg Reward: 490.0, Avg Loss: 3.850517466068268
Episode 2300/3000, Total Reward: 486, Avg Reward: 482.98, Avg Loss: 8.88551897764206
Episode 2400/3000, Total Reward: 494, Avg Reward: 488.48, Avg Loss: 4.501010892987251
Episode 2500/3000, Total Reward: 476, Avg Reward: 487.8, Avg Loss: 4.146469126343727
Episode 2600/3000, Total Reward: 490, Avg Reward: 488.72, Avg Loss: 4.110225679874421
Episode 2700/3000, Total Reward: 482, Avg Reward: 485.12, Avg Loss: 7.371341325044632
Episode 2800/3000, Total Reward: 490, Avg Reward: 486.28, Avg Loss: 6.4572703385353085
Episode 2900/3000, Total Reward: 488, Avg Reward: 488.18, Avg Loss: 4.987525856494903
Episode 3000/3000, Total Reward: 492, Avg Reward: 487.62, Avg Loss: 4.415575354099274
Model saved at models/a2_500s/trained_model_u628.0.csv.pth
Processing file: u425.0.csv
Loaded pretrained model from models/alpha1_c2_best_model.pth
Episode 100/3000, Total Reward: 414, Avg Reward: 360.04, Avg Loss: 58.988073596954344
Episode 200/3000, Total Reward: 452, Avg Reward: 443.64, Avg Loss: 23.805287561416627
Episode 300/3000, Total Reward: 458, Avg Reward: 457.22, Avg Loss: 21.48025221824646
Episode 400/3000, Total Reward: 466, Avg Reward: 461.7, Avg Loss: 18.758839168548583
Episode 500/3000, Total Reward: 462, Avg Reward: 462.1, Avg Loss: 19.339421105384826
Episode 600/3000, Total Reward: 476, Avg Reward: 468.3, Avg Loss: 18.053396043777465
Episode 700/3000, Total Reward: 462, Avg Reward: 468.88, Avg Loss: 18.703527164459228
Episode 800/3000, Total Reward: 476, Avg Reward: 469.7, Avg Loss: 16.87471070766449
Episode 900/3000, Total Reward: 468, Avg Reward: 470.34, Avg Loss: 17.09472537994385
Episode 1000/3000, Total Reward: 464, Avg Reward: 468.32, Avg Loss: 17.78413022994995
Episode 1100/3000, Total Reward: 466, Avg Reward: 467.0, Avg Loss: 19.282193999290467
Episode 1200/3000, Total Reward: 474, Avg Reward: 473.54, Avg Loss: 16.804131393432616
Episode 1300/3000, Total Reward: 468, Avg Reward: 471.5, Avg Loss: 18.61403269290924
Episode 1400/3000, Total Reward: 486, Avg Reward: 472.98, Avg Loss: 16.15196011066437
Episode 1500/3000, Total Reward: 464, Avg Reward: 473.54, Avg Loss: 15.92529913187027
Episode 1600/3000, Total Reward: 472, Avg Reward: 472.7, Avg Loss: 16.103092761039733
Episode 1700/3000, Total Reward: 476, Avg Reward: 472.44, Avg Loss: 17.90470607280731
Episode 1800/3000, Total Reward: 478, Avg Reward: 472.72, Avg Loss: 14.928706774711609
Episode 1900/3000, Total Reward: 476, Avg Reward: 472.32, Avg Loss: 16.929806652069093
Episode 2000/3000, Total Reward: 466, Avg Reward: 475.5, Avg Loss: 15.371018152236939
Episode 2100/3000, Total Reward: 472, Avg Reward: 474.48, Avg Loss: 15.910628976821899
Episode 2200/3000, Total Reward: 476, Avg Reward: 475.52, Avg Loss: 14.082127828598022
Episode 2300/3000, Total Reward: 466, Avg Reward: 470.1, Avg Loss: 19.61804657459259
Episode 2400/3000, Total Reward: 472, Avg Reward: 474.44, Avg Loss: 16.8374147605896
Episode 2500/3000, Total Reward: 470, Avg Reward: 477.02, Avg Loss: 13.785315637588502
Episode 2600/3000, Total Reward: 472, Avg Reward: 474.24, Avg Loss: 17.432224473953248
Episode 2700/3000, Total Reward: 480, Avg Reward: 472.54, Avg Loss: 18.107402415275573
Episode 2800/3000, Total Reward: 464, Avg Reward: 476.42, Avg Loss: 14.172119455337524
Episode 2900/3000, Total Reward: 478, Avg Reward: 476.9, Avg Loss: 13.35581582069397
Episode 3000/3000, Total Reward: 482, Avg Reward: 475.0, Avg Loss: 15.034507398605347
Model saved at models/a2_500s/trained_model_u425.0.csv.pth
Processing file: u546.0.csv
Loaded pretrained model from models/alpha1_c2_best_model.pth
Episode 100/3000, Total Reward: 452, Avg Reward: 359.68, Avg Loss: 58.55027194976807
Episode 200/3000, Total Reward: 456, Avg Reward: 456.8, Avg Loss: 19.858936338424684
Episode 300/3000, Total Reward: 458, Avg Reward: 460.26, Avg Loss: 18.16518956184387
Episode 400/3000, Total Reward: 472, Avg Reward: 463.48, Avg Loss: 18.812233357429506
Episode 500/3000, Total Reward: 468, Avg Reward: 467.78, Avg Loss: 15.867108521461487
Episode 600/3000, Total Reward: 470, Avg Reward: 471.04, Avg Loss: 15.359717373847962
Episode 700/3000, Total Reward: 468, Avg Reward: 469.72, Avg Loss: 17.333317379951477
Episode 800/3000, Total Reward: 462, Avg Reward: 470.72, Avg Loss: 14.586528487205506
Episode 900/3000, Total Reward: 472, Avg Reward: 472.46, Avg Loss: 13.977987380027772
Episode 1000/3000, Total Reward: 462, Avg Reward: 473.7, Avg Loss: 12.873745012283326
Episode 1100/3000, Total Reward: 472, Avg Reward: 472.88, Avg Loss: 14.86967915058136
Episode 1200/3000, Total Reward: 476, Avg Reward: 473.72, Avg Loss: 13.871067218780517
Episode 1300/3000, Total Reward: 478, Avg Reward: 472.08, Avg Loss: 15.949209175109864
Episode 1400/3000, Total Reward: 474, Avg Reward: 474.54, Avg Loss: 14.361136655807496
Episode 1500/3000, Total Reward: 472, Avg Reward: 474.3, Avg Loss: 13.41355329990387
Episode 1600/3000, Total Reward: 482, Avg Reward: 475.62, Avg Loss: 12.208111052513123
Episode 1700/3000, Total Reward: 478, Avg Reward: 475.12, Avg Loss: 13.76938704252243
Episode 1800/3000, Total Reward: 476, Avg Reward: 475.36, Avg Loss: 11.605585188865662
Episode 1900/3000, Total Reward: 476, Avg Reward: 476.14, Avg Loss: 13.018081648349762
Episode 2000/3000, Total Reward: 482, Avg Reward: 477.38, Avg Loss: 11.849074394702912
Episode 2100/3000, Total Reward: 480, Avg Reward: 477.96, Avg Loss: 11.181403608322144
Episode 2200/3000, Total Reward: 484, Avg Reward: 478.46, Avg Loss: 11.223695225715637
Episode 2300/3000, Total Reward: 484, Avg Reward: 477.98, Avg Loss: 11.486213755607604
Episode 2400/3000, Total Reward: 486, Avg Reward: 477.1, Avg Loss: 11.592568464279175
Episode 2500/3000, Total Reward: 480, Avg Reward: 478.28, Avg Loss: 12.156331405639648
Episode 2600/3000, Total Reward: 484, Avg Reward: 475.94, Avg Loss: 13.862071294784545
Episode 2700/3000, Total Reward: 486, Avg Reward: 476.5, Avg Loss: 13.878372316360474
Episode 2800/3000, Total Reward: 480, Avg Reward: 478.48, Avg Loss: 12.608748550415038
Episode 2900/3000, Total Reward: 472, Avg Reward: 477.18, Avg Loss: 12.974181513786316
Episode 3000/3000, Total Reward: 472, Avg Reward: 472.92, Avg Loss: 16.349079647064208
Model saved at models/a2_500s/trained_model_u546.0.csv.pth
